2025-03-10 17:04:42.081 [main] INFO  ktor.application - Autoreload is disabled because the development mode is off.
2025-03-10 17:04:42.211 [main] INFO  ktor.application - UWB定位后端服务启动成功，正在监听 0.0.0.0:8080
2025-03-10 17:04:42.213 [main] INFO  ktor.application - Application started in 0.15 seconds.
2025-03-10 17:04:42.289 [DefaultDispatcher-worker-1] INFO  ktor.application - Responding at http://0.0.0.0:8080
2025-03-10 17:48:26.880 [main] INFO  com.zaxxer.hikari.HikariDataSource - HikariPool-1 - Starting...
2025-03-10 17:48:26.928 [main] INFO  com.zaxxer.hikari.pool.HikariPool - HikariPool-1 - Added connection org.postgresql.jdbc.PgConnection@205d38da
2025-03-10 17:48:26.929 [main] INFO  com.zaxxer.hikari.HikariDataSource - HikariPool-1 - Start completed.
2025-03-10 17:48:27.149 [main] INFO  com.example.database.DatabaseConfig - 数据库初始化成功
2025-03-10 17:48:27.513 [main] INFO  com.example.mqtt.MqttSender - 已连接到MQTT代理: tcp://localhost:1883
2025-03-10 17:48:27.517 [main] INFO  com.example.mqtt.MqttSender - 模拟数据发送已启动
2025-03-10 17:48:27.547 [location-updates] DEBUG com.example.mqtt.MqttSender - 已发送位置更新: uwb/location/device-001
2025-03-10 17:48:27.547 [vital-signs] DEBUG com.example.mqtt.MqttSender - 已发送生命体征: patient/vitals/P1
2025-03-10 17:48:27.548 [events] DEBUG com.example.mqtt.MqttSender - 已发送事件: patient/events/P3
2025-03-10 17:48:27.548 [location-updates] DEBUG com.example.mqtt.MqttSender - 已发送位置更新: uwb/location/device-002
2025-03-10 17:48:27.548 [location-updates] DEBUG com.example.mqtt.MqttSender - 已发送位置更新: uwb/location/device-003
2025-03-10 17:48:27.566 [main] INFO  ktor.application - Autoreload is disabled because the development mode is off.
2025-03-10 17:48:27.600 [main] INFO  ktor.application - UWB定位后端服务启动成功，正在监听 0.0.0.0:8080
2025-03-10 17:48:27.600 [main] INFO  ktor.application - Application started in 0.052 seconds.
2025-03-10 17:48:27.661 [DefaultDispatcher-worker-1] INFO  ktor.application - Responding at http://0.0.0.0:8080
2025-03-10 17:48:28.523 [location-updates] DEBUG com.example.mqtt.MqttSender - 已发送位置更新: uwb/location/device-001
2025-03-10 17:48:28.526 [location-updates] DEBUG com.example.mqtt.MqttSender - 已发送位置更新: uwb/location/device-002
2025-03-10 17:48:28.528 [location-updates] DEBUG com.example.mqtt.MqttSender - 已发送位置更新: uwb/location/device-003
2025-03-10 17:48:29.521 [location-updates] DEBUG com.example.mqtt.MqttSender - 已发送位置更新: uwb/location/device-001
2025-03-10 17:48:29.523 [location-updates] DEBUG com.example.mqtt.MqttSender - 已发送位置更新: uwb/location/device-002
2025-03-10 17:48:29.526 [location-updates] DEBUG com.example.mqtt.MqttSender - 已发送位置更新: uwb/location/device-003
2025-03-10 17:48:30.523 [location-updates] DEBUG com.example.mqtt.MqttSender - 已发送位置更新: uwb/location/device-001
2025-03-10 17:48:30.527 [location-updates] DEBUG com.example.mqtt.MqttSender - 已发送位置更新: uwb/location/device-002
2025-03-10 17:48:30.529 [location-updates] DEBUG com.example.mqtt.MqttSender - 已发送位置更新: uwb/location/device-003
2025-03-10 17:48:31.521 [location-updates] DEBUG com.example.mqtt.MqttSender - 已发送位置更新: uwb/location/device-001
2025-03-10 17:48:31.524 [location-updates] DEBUG com.example.mqtt.MqttSender - 已发送位置更新: uwb/location/device-002
2025-03-10 17:48:31.527 [location-updates] DEBUG com.example.mqtt.MqttSender - 已发送位置更新: uwb/location/device-003
2025-03-10 17:48:32.520 [location-updates] DEBUG com.example.mqtt.MqttSender - 已发送位置更新: uwb/location/device-001
2025-03-10 17:48:32.521 [vital-signs] DEBUG com.example.mqtt.MqttSender - 已发送生命体征: patient/vitals/P2
2025-03-10 17:48:32.523 [location-updates] DEBUG com.example.mqtt.MqttSender - 已发送位置更新: uwb/location/device-002
2025-03-10 17:48:32.525 [location-updates] DEBUG com.example.mqtt.MqttSender - 已发送位置更新: uwb/location/device-003
2025-03-10 17:48:33.523 [location-updates] DEBUG com.example.mqtt.MqttSender - 已发送位置更新: uwb/location/device-001
2025-03-10 17:48:33.526 [location-updates] DEBUG com.example.mqtt.MqttSender - 已发送位置更新: uwb/location/device-002
2025-03-10 17:48:33.529 [location-updates] DEBUG com.example.mqtt.MqttSender - 已发送位置更新: uwb/location/device-003
2025-03-10 17:48:34.518 [location-updates] DEBUG com.example.mqtt.MqttSender - 已发送位置更新: uwb/location/device-001
2025-03-10 17:48:34.520 [location-updates] DEBUG com.example.mqtt.MqttSender - 已发送位置更新: uwb/location/device-002
2025-03-10 17:48:34.522 [location-updates] DEBUG com.example.mqtt.MqttSender - 已发送位置更新: uwb/location/device-003
2025-03-10 17:48:35.521 [location-updates] DEBUG com.example.mqtt.MqttSender - 已发送位置更新: uwb/location/device-001
2025-03-10 17:48:35.524 [location-updates] DEBUG com.example.mqtt.MqttSender - 已发送位置更新: uwb/location/device-002
2025-03-10 17:48:35.526 [location-updates] DEBUG com.example.mqtt.MqttSender - 已发送位置更新: uwb/location/device-003
2025-03-10 17:48:36.523 [location-updates] DEBUG com.example.mqtt.MqttSender - 已发送位置更新: uwb/location/device-001
2025-03-10 17:48:36.526 [location-updates] DEBUG com.example.mqtt.MqttSender - 已发送位置更新: uwb/location/device-002
2025-03-10 17:48:36.529 [location-updates] DEBUG com.example.mqtt.MqttSender - 已发送位置更新: uwb/location/device-003
2025-03-10 17:48:37.519 [vital-signs] DEBUG com.example.mqtt.MqttSender - 已发送生命体征: patient/vitals/P1
2025-03-10 17:48:37.520 [location-updates] DEBUG com.example.mqtt.MqttSender - 已发送位置更新: uwb/location/device-001
2025-03-10 17:48:37.523 [location-updates] DEBUG com.example.mqtt.MqttSender - 已发送位置更新: uwb/location/device-002
2025-03-10 17:48:37.523 [events] DEBUG com.example.mqtt.MqttSender - 已发送事件: patient/events/P1
2025-03-10 17:48:37.525 [location-updates] DEBUG com.example.mqtt.MqttSender - 已发送位置更新: uwb/location/device-003
2025-03-10 17:48:38.519 [location-updates] DEBUG com.example.mqtt.MqttSender - 已发送位置更新: uwb/location/device-001
2025-03-10 17:48:38.522 [location-updates] DEBUG com.example.mqtt.MqttSender - 已发送位置更新: uwb/location/device-002
2025-03-10 17:48:38.524 [location-updates] DEBUG com.example.mqtt.MqttSender - 已发送位置更新: uwb/location/device-003
2025-03-10 17:48:39.521 [location-updates] DEBUG com.example.mqtt.MqttSender - 已发送位置更新: uwb/location/device-001
2025-03-10 17:48:39.524 [location-updates] DEBUG com.example.mqtt.MqttSender - 已发送位置更新: uwb/location/device-002
2025-03-10 17:48:39.526 [location-updates] DEBUG com.example.mqtt.MqttSender - 已发送位置更新: uwb/location/device-003
2025-03-10 17:48:40.520 [location-updates] DEBUG com.example.mqtt.MqttSender - 已发送位置更新: uwb/location/device-001
2025-03-10 17:48:40.523 [location-updates] DEBUG com.example.mqtt.MqttSender - 已发送位置更新: uwb/location/device-002
2025-03-10 17:48:40.525 [location-updates] DEBUG com.example.mqtt.MqttSender - 已发送位置更新: uwb/location/device-003
2025-03-10 17:48:41.521 [location-updates] DEBUG com.example.mqtt.MqttSender - 已发送位置更新: uwb/location/device-001
2025-03-10 17:48:41.524 [location-updates] DEBUG com.example.mqtt.MqttSender - 已发送位置更新: uwb/location/device-002
2025-03-10 17:48:41.526 [location-updates] DEBUG com.example.mqtt.MqttSender - 已发送位置更新: uwb/location/device-003
2025-03-10 17:48:42.523 [location-updates] DEBUG com.example.mqtt.MqttSender - 已发送位置更新: uwb/location/device-001
2025-03-10 17:48:42.524 [vital-signs] DEBUG com.example.mqtt.MqttSender - 已发送生命体征: patient/vitals/P1
2025-03-10 17:48:42.527 [location-updates] DEBUG com.example.mqtt.MqttSender - 已发送位置更新: uwb/location/device-002
2025-03-10 17:48:42.529 [location-updates] DEBUG com.example.mqtt.MqttSender - 已发送位置更新: uwb/location/device-003
2025-03-10 17:48:43.520 [location-updates] DEBUG com.example.mqtt.MqttSender - 已发送位置更新: uwb/location/device-001
2025-03-10 17:48:43.523 [location-updates] DEBUG com.example.mqtt.MqttSender - 已发送位置更新: uwb/location/device-002
2025-03-10 17:48:43.525 [location-updates] DEBUG com.example.mqtt.MqttSender - 已发送位置更新: uwb/location/device-003
2025-03-10 17:48:44.522 [location-updates] DEBUG com.example.mqtt.MqttSender - 已发送位置更新: uwb/location/device-001
2025-03-10 17:48:44.525 [location-updates] DEBUG com.example.mqtt.MqttSender - 已发送位置更新: uwb/location/device-002
2025-03-10 17:48:44.526 [location-updates] DEBUG com.example.mqtt.MqttSender - 已发送位置更新: uwb/location/device-003
2025-03-10 17:48:45.520 [location-updates] DEBUG com.example.mqtt.MqttSender - 已发送位置更新: uwb/location/device-001
2025-03-10 17:48:45.522 [location-updates] DEBUG com.example.mqtt.MqttSender - 已发送位置更新: uwb/location/device-002
2025-03-10 17:48:45.523 [location-updates] DEBUG com.example.mqtt.MqttSender - 已发送位置更新: uwb/location/device-003
2025-03-10 17:48:46.520 [location-updates] DEBUG com.example.mqtt.MqttSender - 已发送位置更新: uwb/location/device-001
2025-03-10 17:48:46.523 [location-updates] DEBUG com.example.mqtt.MqttSender - 已发送位置更新: uwb/location/device-002
2025-03-10 17:48:46.526 [location-updates] DEBUG com.example.mqtt.MqttSender - 已发送位置更新: uwb/location/device-003
2025-03-10 17:48:47.519 [location-updates] DEBUG com.example.mqtt.MqttSender - 已发送位置更新: uwb/location/device-001
2025-03-10 17:48:47.519 [vital-signs] DEBUG com.example.mqtt.MqttSender - 已发送生命体征: patient/vitals/P1
2025-03-10 17:48:47.521 [events] DEBUG com.example.mqtt.MqttSender - 已发送事件: patient/events/P3
2025-03-10 17:48:47.521 [location-updates] DEBUG com.example.mqtt.MqttSender - 已发送位置更新: uwb/location/device-002
2025-03-10 17:48:47.522 [location-updates] DEBUG com.example.mqtt.MqttSender - 已发送位置更新: uwb/location/device-003
2025-03-10 17:48:48.521 [location-updates] DEBUG com.example.mqtt.MqttSender - 已发送位置更新: uwb/location/device-001
2025-03-10 17:48:48.523 [location-updates] DEBUG com.example.mqtt.MqttSender - 已发送位置更新: uwb/location/device-002
2025-03-10 17:48:48.524 [location-updates] DEBUG com.example.mqtt.MqttSender - 已发送位置更新: uwb/location/device-003
2025-03-10 17:48:49.519 [location-updates] DEBUG com.example.mqtt.MqttSender - 已发送位置更新: uwb/location/device-001
2025-03-10 17:48:49.521 [location-updates] DEBUG com.example.mqtt.MqttSender - 已发送位置更新: uwb/location/device-002
2025-03-10 17:48:49.522 [location-updates] DEBUG com.example.mqtt.MqttSender - 已发送位置更新: uwb/location/device-003
2025-03-10 17:48:50.518 [location-updates] DEBUG com.example.mqtt.MqttSender - 已发送位置更新: uwb/location/device-001
2025-03-10 17:48:50.520 [location-updates] DEBUG com.example.mqtt.MqttSender - 已发送位置更新: uwb/location/device-002
2025-03-10 17:48:50.521 [location-updates] DEBUG com.example.mqtt.MqttSender - 已发送位置更新: uwb/location/device-003
2025-03-10 17:48:51.520 [location-updates] DEBUG com.example.mqtt.MqttSender - 已发送位置更新: uwb/location/device-001
2025-03-10 17:48:51.523 [location-updates] DEBUG com.example.mqtt.MqttSender - 已发送位置更新: uwb/location/device-002
2025-03-10 17:48:51.525 [location-updates] DEBUG com.example.mqtt.MqttSender - 已发送位置更新: uwb/location/device-003
2025-03-10 17:48:52.521 [location-updates] DEBUG com.example.mqtt.MqttSender - 已发送位置更新: uwb/location/device-001
2025-03-10 17:48:52.523 [vital-signs] DEBUG com.example.mqtt.MqttSender - 已发送生命体征: patient/vitals/P3
2025-03-10 17:48:52.524 [location-updates] DEBUG com.example.mqtt.MqttSender - 已发送位置更新: uwb/location/device-002
2025-03-10 17:48:52.526 [location-updates] DEBUG com.example.mqtt.MqttSender - 已发送位置更新: uwb/location/device-003
2025-03-10 17:48:53.524 [location-updates] DEBUG com.example.mqtt.MqttSender - 已发送位置更新: uwb/location/device-001
2025-03-10 17:48:53.526 [location-updates] DEBUG com.example.mqtt.MqttSender - 已发送位置更新: uwb/location/device-002
2025-03-10 17:48:53.528 [location-updates] DEBUG com.example.mqtt.MqttSender - 已发送位置更新: uwb/location/device-003
2025-03-10 17:48:54.519 [location-updates] DEBUG com.example.mqtt.MqttSender - 已发送位置更新: uwb/location/device-001
2025-03-10 17:48:54.521 [location-updates] DEBUG com.example.mqtt.MqttSender - 已发送位置更新: uwb/location/device-002
2025-03-10 17:48:54.523 [location-updates] DEBUG com.example.mqtt.MqttSender - 已发送位置更新: uwb/location/device-003
2025-03-10 17:48:55.520 [location-updates] DEBUG com.example.mqtt.MqttSender - 已发送位置更新: uwb/location/device-001
2025-03-10 17:48:55.521 [location-updates] DEBUG com.example.mqtt.MqttSender - 已发送位置更新: uwb/location/device-002
2025-03-10 17:48:55.523 [location-updates] DEBUG com.example.mqtt.MqttSender - 已发送位置更新: uwb/location/device-003
2025-03-10 17:48:56.518 [location-updates] DEBUG com.example.mqtt.MqttSender - 已发送位置更新: uwb/location/device-001
2025-03-10 17:48:56.519 [location-updates] DEBUG com.example.mqtt.MqttSender - 已发送位置更新: uwb/location/device-002
2025-03-10 17:48:56.520 [location-updates] DEBUG com.example.mqtt.MqttSender - 已发送位置更新: uwb/location/device-003
2025-03-10 17:48:57.522 [location-updates] DEBUG com.example.mqtt.MqttSender - 已发送位置更新: uwb/location/device-001
2025-03-10 17:48:57.523 [vital-signs] DEBUG com.example.mqtt.MqttSender - 已发送生命体征: patient/vitals/P2
2025-03-10 17:48:57.523 [events] DEBUG com.example.mqtt.MqttSender - 已发送事件: patient/events/P2
2025-03-10 17:48:57.523 [location-updates] DEBUG com.example.mqtt.MqttSender - 已发送位置更新: uwb/location/device-002
2025-03-10 17:48:57.524 [location-updates] DEBUG com.example.mqtt.MqttSender - 已发送位置更新: uwb/location/device-003
2025-03-10 17:48:58.518 [location-updates] DEBUG com.example.mqtt.MqttSender - 已发送位置更新: uwb/location/device-001
2025-03-10 17:48:58.520 [location-updates] DEBUG com.example.mqtt.MqttSender - 已发送位置更新: uwb/location/device-002
2025-03-10 17:48:58.521 [location-updates] DEBUG com.example.mqtt.MqttSender - 已发送位置更新: uwb/location/device-003
2025-03-10 17:48:59.518 [location-updates] DEBUG com.example.mqtt.MqttSender - 已发送位置更新: uwb/location/device-001
2025-03-10 17:48:59.519 [location-updates] DEBUG com.example.mqtt.MqttSender - 已发送位置更新: uwb/location/device-002
2025-03-10 17:48:59.520 [location-updates] DEBUG com.example.mqtt.MqttSender - 已发送位置更新: uwb/location/device-003
2025-03-10 17:49:00.522 [location-updates] DEBUG com.example.mqtt.MqttSender - 已发送位置更新: uwb/location/device-001
2025-03-10 17:49:00.524 [location-updates] DEBUG com.example.mqtt.MqttSender - 已发送位置更新: uwb/location/device-002
2025-03-10 17:49:00.526 [location-updates] DEBUG com.example.mqtt.MqttSender - 已发送位置更新: uwb/location/device-003
2025-03-10 17:49:01.520 [location-updates] DEBUG com.example.mqtt.MqttSender - 已发送位置更新: uwb/location/device-001
2025-03-10 17:49:01.521 [location-updates] DEBUG com.example.mqtt.MqttSender - 已发送位置更新: uwb/location/device-002
2025-03-10 17:49:01.522 [location-updates] DEBUG com.example.mqtt.MqttSender - 已发送位置更新: uwb/location/device-003
2025-03-10 17:49:02.518 [location-updates] DEBUG com.example.mqtt.MqttSender - 已发送位置更新: uwb/location/device-001
2025-03-10 17:49:02.520 [location-updates] DEBUG com.example.mqtt.MqttSender - 已发送位置更新: uwb/location/device-002
2025-03-10 17:49:02.521 [vital-signs] DEBUG com.example.mqtt.MqttSender - 已发送生命体征: patient/vitals/P3
2025-03-10 17:49:02.521 [location-updates] DEBUG com.example.mqtt.MqttSender - 已发送位置更新: uwb/location/device-003
2025-03-10 17:49:03.519 [location-updates] DEBUG com.example.mqtt.MqttSender - 已发送位置更新: uwb/location/device-001
2025-03-10 17:49:03.520 [location-updates] DEBUG com.example.mqtt.MqttSender - 已发送位置更新: uwb/location/device-002
2025-03-10 17:49:03.522 [location-updates] DEBUG com.example.mqtt.MqttSender - 已发送位置更新: uwb/location/device-003
2025-03-10 17:49:04.520 [location-updates] DEBUG com.example.mqtt.MqttSender - 已发送位置更新: uwb/location/device-001
2025-03-10 17:49:04.522 [location-updates] DEBUG com.example.mqtt.MqttSender - 已发送位置更新: uwb/location/device-002
2025-03-10 17:49:04.524 [location-updates] DEBUG com.example.mqtt.MqttSender - 已发送位置更新: uwb/location/device-003
2025-03-10 17:49:05.520 [location-updates] DEBUG com.example.mqtt.MqttSender - 已发送位置更新: uwb/location/device-001
2025-03-10 17:49:05.521 [location-updates] DEBUG com.example.mqtt.MqttSender - 已发送位置更新: uwb/location/device-002
2025-03-10 17:49:05.523 [location-updates] DEBUG com.example.mqtt.MqttSender - 已发送位置更新: uwb/location/device-003
2025-03-10 17:49:06.520 [location-updates] DEBUG com.example.mqtt.MqttSender - 已发送位置更新: uwb/location/device-001
2025-03-10 17:49:06.522 [location-updates] DEBUG com.example.mqtt.MqttSender - 已发送位置更新: uwb/location/device-002
2025-03-10 17:49:06.524 [location-updates] DEBUG com.example.mqtt.MqttSender - 已发送位置更新: uwb/location/device-003
2025-03-10 17:49:07.521 [vital-signs] DEBUG com.example.mqtt.MqttSender - 已发送生命体征: patient/vitals/P2
2025-03-10 17:49:07.521 [location-updates] DEBUG com.example.mqtt.MqttSender - 已发送位置更新: uwb/location/device-001
2025-03-10 17:49:07.522 [location-updates] DEBUG com.example.mqtt.MqttSender - 已发送位置更新: uwb/location/device-002
2025-03-10 17:49:07.523 [events] DEBUG com.example.mqtt.MqttSender - 已发送事件: patient/events/P1
2025-03-10 17:49:07.525 [location-updates] DEBUG com.example.mqtt.MqttSender - 已发送位置更新: uwb/location/device-003
2025-03-10 17:49:08.523 [location-updates] DEBUG com.example.mqtt.MqttSender - 已发送位置更新: uwb/location/device-001
2025-03-10 17:49:08.524 [location-updates] DEBUG com.example.mqtt.MqttSender - 已发送位置更新: uwb/location/device-002
2025-03-10 17:49:08.526 [location-updates] DEBUG com.example.mqtt.MqttSender - 已发送位置更新: uwb/location/device-003
2025-03-10 17:49:09.519 [location-updates] DEBUG com.example.mqtt.MqttSender - 已发送位置更新: uwb/location/device-001
2025-03-10 17:49:09.520 [location-updates] DEBUG com.example.mqtt.MqttSender - 已发送位置更新: uwb/location/device-002
2025-03-10 17:49:09.521 [location-updates] DEBUG com.example.mqtt.MqttSender - 已发送位置更新: uwb/location/device-003
2025-03-10 17:49:10.524 [location-updates] DEBUG com.example.mqtt.MqttSender - 已发送位置更新: uwb/location/device-001
2025-03-10 17:49:10.526 [location-updates] DEBUG com.example.mqtt.MqttSender - 已发送位置更新: uwb/location/device-002
2025-03-10 17:49:10.528 [location-updates] DEBUG com.example.mqtt.MqttSender - 已发送位置更新: uwb/location/device-003
2025-03-10 17:49:11.523 [location-updates] DEBUG com.example.mqtt.MqttSender - 已发送位置更新: uwb/location/device-001
2025-03-10 17:49:11.525 [location-updates] DEBUG com.example.mqtt.MqttSender - 已发送位置更新: uwb/location/device-002
2025-03-10 17:49:11.528 [location-updates] DEBUG com.example.mqtt.MqttSender - 已发送位置更新: uwb/location/device-003
2025-03-10 17:49:12.521 [vital-signs] DEBUG com.example.mqtt.MqttSender - 已发送生命体征: patient/vitals/P2
2025-03-10 17:49:12.522 [location-updates] DEBUG com.example.mqtt.MqttSender - 已发送位置更新: uwb/location/device-001
2025-03-10 17:49:12.524 [location-updates] DEBUG com.example.mqtt.MqttSender - 已发送位置更新: uwb/location/device-002
2025-03-10 17:49:12.527 [location-updates] DEBUG com.example.mqtt.MqttSender - 已发送位置更新: uwb/location/device-003
2025-03-10 17:49:13.521 [location-updates] DEBUG com.example.mqtt.MqttSender - 已发送位置更新: uwb/location/device-001
2025-03-10 17:49:13.522 [location-updates] DEBUG com.example.mqtt.MqttSender - 已发送位置更新: uwb/location/device-002
2025-03-10 17:49:13.524 [location-updates] DEBUG com.example.mqtt.MqttSender - 已发送位置更新: uwb/location/device-003
2025-03-10 17:49:14.519 [location-updates] DEBUG com.example.mqtt.MqttSender - 已发送位置更新: uwb/location/device-001
2025-03-10 17:49:14.521 [location-updates] DEBUG com.example.mqtt.MqttSender - 已发送位置更新: uwb/location/device-002
2025-03-10 17:49:14.522 [location-updates] DEBUG com.example.mqtt.MqttSender - 已发送位置更新: uwb/location/device-003
2025-03-10 17:49:15.520 [location-updates] DEBUG com.example.mqtt.MqttSender - 已发送位置更新: uwb/location/device-001
2025-03-10 17:49:15.523 [location-updates] DEBUG com.example.mqtt.MqttSender - 已发送位置更新: uwb/location/device-002
2025-03-10 17:49:15.525 [location-updates] DEBUG com.example.mqtt.MqttSender - 已发送位置更新: uwb/location/device-003
2025-03-10 17:49:16.519 [location-updates] DEBUG com.example.mqtt.MqttSender - 已发送位置更新: uwb/location/device-001
2025-03-10 17:49:16.520 [location-updates] DEBUG com.example.mqtt.MqttSender - 已发送位置更新: uwb/location/device-002
2025-03-10 17:49:16.521 [location-updates] DEBUG com.example.mqtt.MqttSender - 已发送位置更新: uwb/location/device-003
2025-03-10 17:49:17.520 [vital-signs] DEBUG com.example.mqtt.MqttSender - 已发送生命体征: patient/vitals/P2
2025-03-10 17:49:17.521 [location-updates] DEBUG com.example.mqtt.MqttSender - 已发送位置更新: uwb/location/device-001
2025-03-10 17:49:17.521 [events] DEBUG com.example.mqtt.MqttSender - 已发送事件: patient/events/P1
2025-03-10 17:49:17.523 [location-updates] DEBUG com.example.mqtt.MqttSender - 已发送位置更新: uwb/location/device-002
2025-03-10 17:49:17.524 [location-updates] DEBUG com.example.mqtt.MqttSender - 已发送位置更新: uwb/location/device-003
2025-03-10 17:49:18.521 [location-updates] DEBUG com.example.mqtt.MqttSender - 已发送位置更新: uwb/location/device-001
2025-03-10 17:49:18.524 [location-updates] DEBUG com.example.mqtt.MqttSender - 已发送位置更新: uwb/location/device-002
2025-03-10 17:49:18.525 [location-updates] DEBUG com.example.mqtt.MqttSender - 已发送位置更新: uwb/location/device-003
2025-03-10 17:49:19.522 [location-updates] DEBUG com.example.mqtt.MqttSender - 已发送位置更新: uwb/location/device-001
2025-03-10 17:49:19.524 [location-updates] DEBUG com.example.mqtt.MqttSender - 已发送位置更新: uwb/location/device-002
2025-03-10 17:49:19.527 [location-updates] DEBUG com.example.mqtt.MqttSender - 已发送位置更新: uwb/location/device-003
2025-03-10 17:49:20.523 [location-updates] DEBUG com.example.mqtt.MqttSender - 已发送位置更新: uwb/location/device-001
2025-03-10 17:49:20.525 [location-updates] DEBUG com.example.mqtt.MqttSender - 已发送位置更新: uwb/location/device-002
2025-03-10 17:49:20.527 [location-updates] DEBUG com.example.mqtt.MqttSender - 已发送位置更新: uwb/location/device-003
2025-03-10 17:49:21.520 [location-updates] DEBUG com.example.mqtt.MqttSender - 已发送位置更新: uwb/location/device-001
2025-03-10 17:49:21.523 [location-updates] DEBUG com.example.mqtt.MqttSender - 已发送位置更新: uwb/location/device-002
2025-03-10 17:49:21.525 [location-updates] DEBUG com.example.mqtt.MqttSender - 已发送位置更新: uwb/location/device-003
2025-03-10 17:49:22.518 [location-updates] DEBUG com.example.mqtt.MqttSender - 已发送位置更新: uwb/location/device-001
2025-03-10 17:49:22.520 [vital-signs] DEBUG com.example.mqtt.MqttSender - 已发送生命体征: patient/vitals/P1
2025-03-10 17:49:22.521 [location-updates] DEBUG com.example.mqtt.MqttSender - 已发送位置更新: uwb/location/device-002
2025-03-10 17:49:22.522 [location-updates] DEBUG com.example.mqtt.MqttSender - 已发送位置更新: uwb/location/device-003
2025-03-10 17:49:23.523 [location-updates] DEBUG com.example.mqtt.MqttSender - 已发送位置更新: uwb/location/device-001
2025-03-10 17:49:23.525 [location-updates] DEBUG com.example.mqtt.MqttSender - 已发送位置更新: uwb/location/device-002
2025-03-10 17:49:23.528 [location-updates] DEBUG com.example.mqtt.MqttSender - 已发送位置更新: uwb/location/device-003
2025-03-10 17:49:24.522 [location-updates] DEBUG com.example.mqtt.MqttSender - 已发送位置更新: uwb/location/device-001
2025-03-10 17:49:24.524 [location-updates] DEBUG com.example.mqtt.MqttSender - 已发送位置更新: uwb/location/device-002
2025-03-10 17:49:24.526 [location-updates] DEBUG com.example.mqtt.MqttSender - 已发送位置更新: uwb/location/device-003
2025-03-10 17:49:25.520 [location-updates] DEBUG com.example.mqtt.MqttSender - 已发送位置更新: uwb/location/device-001
2025-03-10 17:49:25.521 [location-updates] DEBUG com.example.mqtt.MqttSender - 已发送位置更新: uwb/location/device-002
2025-03-10 17:49:25.521 [location-updates] DEBUG com.example.mqtt.MqttSender - 已发送位置更新: uwb/location/device-003
2025-03-10 17:49:26.522 [location-updates] DEBUG com.example.mqtt.MqttSender - 已发送位置更新: uwb/location/device-001
2025-03-10 17:49:26.524 [location-updates] DEBUG com.example.mqtt.MqttSender - 已发送位置更新: uwb/location/device-002
2025-03-10 17:49:26.526 [location-updates] DEBUG com.example.mqtt.MqttSender - 已发送位置更新: uwb/location/device-003
2025-03-10 17:49:27.521 [events] DEBUG com.example.mqtt.MqttSender - 已发送事件: patient/events/P2
2025-03-10 17:49:27.522 [location-updates] DEBUG com.example.mqtt.MqttSender - 已发送位置更新: uwb/location/device-001
2025-03-10 17:49:27.522 [vital-signs] DEBUG com.example.mqtt.MqttSender - 已发送生命体征: patient/vitals/P2
2025-03-10 17:49:27.524 [location-updates] DEBUG com.example.mqtt.MqttSender - 已发送位置更新: uwb/location/device-002
2025-03-10 17:49:27.526 [location-updates] DEBUG com.example.mqtt.MqttSender - 已发送位置更新: uwb/location/device-003
2025-03-10 17:49:28.523 [location-updates] DEBUG com.example.mqtt.MqttSender - 已发送位置更新: uwb/location/device-001
2025-03-10 17:49:28.525 [location-updates] DEBUG com.example.mqtt.MqttSender - 已发送位置更新: uwb/location/device-002
2025-03-10 17:49:28.527 [location-updates] DEBUG com.example.mqtt.MqttSender - 已发送位置更新: uwb/location/device-003
2025-03-10 17:49:29.522 [location-updates] DEBUG com.example.mqtt.MqttSender - 已发送位置更新: uwb/location/device-001
2025-03-10 17:49:29.524 [location-updates] DEBUG com.example.mqtt.MqttSender - 已发送位置更新: uwb/location/device-002
2025-03-10 17:49:29.526 [location-updates] DEBUG com.example.mqtt.MqttSender - 已发送位置更新: uwb/location/device-003
2025-03-10 17:49:30.521 [location-updates] DEBUG com.example.mqtt.MqttSender - 已发送位置更新: uwb/location/device-001
2025-03-10 17:49:30.523 [location-updates] DEBUG com.example.mqtt.MqttSender - 已发送位置更新: uwb/location/device-002
2025-03-10 17:49:30.525 [location-updates] DEBUG com.example.mqtt.MqttSender - 已发送位置更新: uwb/location/device-003
2025-03-10 17:49:31.522 [location-updates] DEBUG com.example.mqtt.MqttSender - 已发送位置更新: uwb/location/device-001
2025-03-10 17:49:31.523 [location-updates] DEBUG com.example.mqtt.MqttSender - 已发送位置更新: uwb/location/device-002
2025-03-10 17:49:31.525 [location-updates] DEBUG com.example.mqtt.MqttSender - 已发送位置更新: uwb/location/device-003
2025-03-10 17:49:32.522 [vital-signs] DEBUG com.example.mqtt.MqttSender - 已发送生命体征: patient/vitals/P3
2025-03-10 17:49:32.523 [location-updates] DEBUG com.example.mqtt.MqttSender - 已发送位置更新: uwb/location/device-001
2025-03-10 17:49:32.525 [location-updates] DEBUG com.example.mqtt.MqttSender - 已发送位置更新: uwb/location/device-002
2025-03-10 17:49:32.527 [location-updates] DEBUG com.example.mqtt.MqttSender - 已发送位置更新: uwb/location/device-003
2025-03-10 17:49:33.522 [location-updates] DEBUG com.example.mqtt.MqttSender - 已发送位置更新: uwb/location/device-001
2025-03-10 17:49:33.524 [location-updates] DEBUG com.example.mqtt.MqttSender - 已发送位置更新: uwb/location/device-002
2025-03-10 17:49:33.526 [location-updates] DEBUG com.example.mqtt.MqttSender - 已发送位置更新: uwb/location/device-003
2025-03-10 17:49:34.521 [location-updates] DEBUG com.example.mqtt.MqttSender - 已发送位置更新: uwb/location/device-001
2025-03-10 17:49:34.523 [location-updates] DEBUG com.example.mqtt.MqttSender - 已发送位置更新: uwb/location/device-002
2025-03-10 17:49:34.525 [location-updates] DEBUG com.example.mqtt.MqttSender - 已发送位置更新: uwb/location/device-003
2025-03-10 17:49:35.521 [location-updates] DEBUG com.example.mqtt.MqttSender - 已发送位置更新: uwb/location/device-001
2025-03-10 17:49:35.523 [location-updates] DEBUG com.example.mqtt.MqttSender - 已发送位置更新: uwb/location/device-002
2025-03-10 17:49:35.526 [location-updates] DEBUG com.example.mqtt.MqttSender - 已发送位置更新: uwb/location/device-003
2025-03-10 17:49:36.521 [location-updates] DEBUG com.example.mqtt.MqttSender - 已发送位置更新: uwb/location/device-001
2025-03-10 17:49:36.523 [location-updates] DEBUG com.example.mqtt.MqttSender - 已发送位置更新: uwb/location/device-002
2025-03-10 17:49:36.525 [location-updates] DEBUG com.example.mqtt.MqttSender - 已发送位置更新: uwb/location/device-003
2025-03-10 17:49:37.520 [vital-signs] DEBUG com.example.mqtt.MqttSender - 已发送生命体征: patient/vitals/P1
2025-03-10 17:49:37.521 [location-updates] DEBUG com.example.mqtt.MqttSender - 已发送位置更新: uwb/location/device-001
2025-03-10 17:49:37.521 [events] DEBUG com.example.mqtt.MqttSender - 已发送事件: patient/events/P3
2025-03-10 17:49:37.523 [location-updates] DEBUG com.example.mqtt.MqttSender - 已发送位置更新: uwb/location/device-002
2025-03-10 17:49:37.524 [location-updates] DEBUG com.example.mqtt.MqttSender - 已发送位置更新: uwb/location/device-003
2025-03-10 17:49:38.521 [location-updates] DEBUG com.example.mqtt.MqttSender - 已发送位置更新: uwb/location/device-001
2025-03-10 17:49:38.523 [location-updates] DEBUG com.example.mqtt.MqttSender - 已发送位置更新: uwb/location/device-002
2025-03-10 17:49:38.524 [location-updates] DEBUG com.example.mqtt.MqttSender - 已发送位置更新: uwb/location/device-003
2025-03-10 17:49:39.521 [location-updates] DEBUG com.example.mqtt.MqttSender - 已发送位置更新: uwb/location/device-001
2025-03-10 17:49:39.524 [location-updates] DEBUG com.example.mqtt.MqttSender - 已发送位置更新: uwb/location/device-002
2025-03-10 17:49:39.527 [location-updates] DEBUG com.example.mqtt.MqttSender - 已发送位置更新: uwb/location/device-003
2025-03-10 17:49:40.524 [location-updates] DEBUG com.example.mqtt.MqttSender - 已发送位置更新: uwb/location/device-001
2025-03-10 17:49:40.526 [location-updates] DEBUG com.example.mqtt.MqttSender - 已发送位置更新: uwb/location/device-002
2025-03-10 17:49:40.530 [location-updates] DEBUG com.example.mqtt.MqttSender - 已发送位置更新: uwb/location/device-003
2025-03-10 17:49:41.522 [location-updates] DEBUG com.example.mqtt.MqttSender - 已发送位置更新: uwb/location/device-001
2025-03-10 17:49:41.530 [location-updates] DEBUG com.example.mqtt.MqttSender - 已发送位置更新: uwb/location/device-002
2025-03-10 17:49:41.540 [location-updates] DEBUG com.example.mqtt.MqttSender - 已发送位置更新: uwb/location/device-003
2025-03-10 17:49:42.521 [vital-signs] DEBUG com.example.mqtt.MqttSender - 已发送生命体征: patient/vitals/P3
2025-03-10 17:49:42.522 [location-updates] DEBUG com.example.mqtt.MqttSender - 已发送位置更新: uwb/location/device-001
2025-03-10 17:49:42.524 [location-updates] DEBUG com.example.mqtt.MqttSender - 已发送位置更新: uwb/location/device-002
2025-03-10 17:49:42.526 [location-updates] DEBUG com.example.mqtt.MqttSender - 已发送位置更新: uwb/location/device-003
2025-03-10 17:49:43.521 [location-updates] DEBUG com.example.mqtt.MqttSender - 已发送位置更新: uwb/location/device-001
2025-03-10 17:49:43.524 [location-updates] DEBUG com.example.mqtt.MqttSender - 已发送位置更新: uwb/location/device-002
2025-03-10 17:49:43.526 [location-updates] DEBUG com.example.mqtt.MqttSender - 已发送位置更新: uwb/location/device-003
2025-03-10 17:49:44.522 [location-updates] DEBUG com.example.mqtt.MqttSender - 已发送位置更新: uwb/location/device-001
2025-03-10 17:49:44.524 [location-updates] DEBUG com.example.mqtt.MqttSender - 已发送位置更新: uwb/location/device-002
2025-03-10 17:49:44.527 [location-updates] DEBUG com.example.mqtt.MqttSender - 已发送位置更新: uwb/location/device-003
2025-03-10 17:49:45.522 [location-updates] DEBUG com.example.mqtt.MqttSender - 已发送位置更新: uwb/location/device-001
2025-03-10 17:49:45.525 [location-updates] DEBUG com.example.mqtt.MqttSender - 已发送位置更新: uwb/location/device-002
2025-03-10 17:49:45.527 [location-updates] DEBUG com.example.mqtt.MqttSender - 已发送位置更新: uwb/location/device-003
2025-03-10 17:49:46.518 [location-updates] DEBUG com.example.mqtt.MqttSender - 已发送位置更新: uwb/location/device-001
2025-03-10 17:49:46.520 [location-updates] DEBUG com.example.mqtt.MqttSender - 已发送位置更新: uwb/location/device-002
2025-03-10 17:49:46.521 [location-updates] DEBUG com.example.mqtt.MqttSender - 已发送位置更新: uwb/location/device-003
2025-03-10 17:49:47.522 [vital-signs] DEBUG com.example.mqtt.MqttSender - 已发送生命体征: patient/vitals/P2
2025-03-10 17:49:47.524 [location-updates] DEBUG com.example.mqtt.MqttSender - 已发送位置更新: uwb/location/device-001
2025-03-10 17:49:47.524 [events] DEBUG com.example.mqtt.MqttSender - 已发送事件: patient/events/P2
2025-03-10 17:49:47.526 [location-updates] DEBUG com.example.mqtt.MqttSender - 已发送位置更新: uwb/location/device-002
2025-03-10 17:49:47.528 [location-updates] DEBUG com.example.mqtt.MqttSender - 已发送位置更新: uwb/location/device-003
2025-03-10 17:49:48.521 [location-updates] DEBUG com.example.mqtt.MqttSender - 已发送位置更新: uwb/location/device-001
2025-03-10 17:49:48.523 [location-updates] DEBUG com.example.mqtt.MqttSender - 已发送位置更新: uwb/location/device-002
2025-03-10 17:49:48.524 [location-updates] DEBUG com.example.mqtt.MqttSender - 已发送位置更新: uwb/location/device-003
2025-03-10 17:49:49.519 [location-updates] DEBUG com.example.mqtt.MqttSender - 已发送位置更新: uwb/location/device-001
2025-03-10 17:49:49.521 [location-updates] DEBUG com.example.mqtt.MqttSender - 已发送位置更新: uwb/location/device-002
2025-03-10 17:49:49.522 [location-updates] DEBUG com.example.mqtt.MqttSender - 已发送位置更新: uwb/location/device-003
2025-03-10 17:49:50.519 [location-updates] DEBUG com.example.mqtt.MqttSender - 已发送位置更新: uwb/location/device-001
2025-03-10 17:49:50.520 [location-updates] DEBUG com.example.mqtt.MqttSender - 已发送位置更新: uwb/location/device-002
2025-03-10 17:49:50.521 [location-updates] DEBUG com.example.mqtt.MqttSender - 已发送位置更新: uwb/location/device-003
2025-03-10 17:49:51.518 [location-updates] DEBUG com.example.mqtt.MqttSender - 已发送位置更新: uwb/location/device-001
2025-03-10 17:49:51.520 [location-updates] DEBUG com.example.mqtt.MqttSender - 已发送位置更新: uwb/location/device-002
2025-03-10 17:49:51.521 [location-updates] DEBUG com.example.mqtt.MqttSender - 已发送位置更新: uwb/location/device-003
2025-03-10 17:49:52.519 [vital-signs] DEBUG com.example.mqtt.MqttSender - 已发送生命体征: patient/vitals/P1
2025-03-10 17:49:52.519 [location-updates] DEBUG com.example.mqtt.MqttSender - 已发送位置更新: uwb/location/device-001
2025-03-10 17:49:52.520 [location-updates] DEBUG com.example.mqtt.MqttSender - 已发送位置更新: uwb/location/device-002
2025-03-10 17:49:52.521 [location-updates] DEBUG com.example.mqtt.MqttSender - 已发送位置更新: uwb/location/device-003
2025-03-10 17:49:53.521 [location-updates] DEBUG com.example.mqtt.MqttSender - 已发送位置更新: uwb/location/device-001
2025-03-10 17:49:53.523 [location-updates] DEBUG com.example.mqtt.MqttSender - 已发送位置更新: uwb/location/device-002
2025-03-10 17:49:53.525 [location-updates] DEBUG com.example.mqtt.MqttSender - 已发送位置更新: uwb/location/device-003
2025-03-10 17:49:54.522 [location-updates] DEBUG com.example.mqtt.MqttSender - 已发送位置更新: uwb/location/device-001
2025-03-10 17:49:54.525 [location-updates] DEBUG com.example.mqtt.MqttSender - 已发送位置更新: uwb/location/device-002
2025-03-10 17:49:54.528 [location-updates] DEBUG com.example.mqtt.MqttSender - 已发送位置更新: uwb/location/device-003
2025-03-10 17:49:55.520 [location-updates] DEBUG com.example.mqtt.MqttSender - 已发送位置更新: uwb/location/device-001
2025-03-10 17:49:55.522 [location-updates] DEBUG com.example.mqtt.MqttSender - 已发送位置更新: uwb/location/device-002
2025-03-10 17:49:55.523 [location-updates] DEBUG com.example.mqtt.MqttSender - 已发送位置更新: uwb/location/device-003
2025-03-10 17:49:56.520 [location-updates] DEBUG com.example.mqtt.MqttSender - 已发送位置更新: uwb/location/device-001
2025-03-10 17:49:56.523 [location-updates] DEBUG com.example.mqtt.MqttSender - 已发送位置更新: uwb/location/device-002
2025-03-10 17:49:56.524 [location-updates] DEBUG com.example.mqtt.MqttSender - 已发送位置更新: uwb/location/device-003
2025-03-10 17:49:57.520 [vital-signs] DEBUG com.example.mqtt.MqttSender - 已发送生命体征: patient/vitals/P2
2025-03-10 17:49:57.522 [location-updates] DEBUG com.example.mqtt.MqttSender - 已发送位置更新: uwb/location/device-001
2025-03-10 17:49:57.522 [events] DEBUG com.example.mqtt.MqttSender - 已发送事件: patient/events/P2
2025-03-10 17:49:57.524 [location-updates] DEBUG com.example.mqtt.MqttSender - 已发送位置更新: uwb/location/device-002
2025-03-10 17:49:57.527 [location-updates] DEBUG com.example.mqtt.MqttSender - 已发送位置更新: uwb/location/device-003
2025-03-10 17:49:58.521 [location-updates] DEBUG com.example.mqtt.MqttSender - 已发送位置更新: uwb/location/device-001
2025-03-10 17:49:58.523 [location-updates] DEBUG com.example.mqtt.MqttSender - 已发送位置更新: uwb/location/device-002
2025-03-10 17:49:58.525 [location-updates] DEBUG com.example.mqtt.MqttSender - 已发送位置更新: uwb/location/device-003
2025-03-10 17:49:59.520 [location-updates] DEBUG com.example.mqtt.MqttSender - 已发送位置更新: uwb/location/device-001
2025-03-10 17:49:59.522 [location-updates] DEBUG com.example.mqtt.MqttSender - 已发送位置更新: uwb/location/device-002
2025-03-10 17:49:59.524 [location-updates] DEBUG com.example.mqtt.MqttSender - 已发送位置更新: uwb/location/device-003
2025-03-10 17:50:00.523 [location-updates] DEBUG com.example.mqtt.MqttSender - 已发送位置更新: uwb/location/device-001
2025-03-10 17:50:00.525 [location-updates] DEBUG com.example.mqtt.MqttSender - 已发送位置更新: uwb/location/device-002
2025-03-10 17:50:00.527 [location-updates] DEBUG com.example.mqtt.MqttSender - 已发送位置更新: uwb/location/device-003
2025-03-10 17:50:01.521 [location-updates] DEBUG com.example.mqtt.MqttSender - 已发送位置更新: uwb/location/device-001
2025-03-10 17:50:01.523 [location-updates] DEBUG com.example.mqtt.MqttSender - 已发送位置更新: uwb/location/device-002
2025-03-10 17:50:01.525 [location-updates] DEBUG com.example.mqtt.MqttSender - 已发送位置更新: uwb/location/device-003
2025-03-10 17:50:02.520 [location-updates] DEBUG com.example.mqtt.MqttSender - 已发送位置更新: uwb/location/device-001
2025-03-10 17:50:02.520 [vital-signs] DEBUG com.example.mqtt.MqttSender - 已发送生命体征: patient/vitals/P2
2025-03-10 17:50:02.521 [location-updates] DEBUG com.example.mqtt.MqttSender - 已发送位置更新: uwb/location/device-002
2025-03-10 17:50:02.522 [location-updates] DEBUG com.example.mqtt.MqttSender - 已发送位置更新: uwb/location/device-003
2025-03-10 17:50:03.521 [location-updates] DEBUG com.example.mqtt.MqttSender - 已发送位置更新: uwb/location/device-001
2025-03-10 17:50:03.522 [location-updates] DEBUG com.example.mqtt.MqttSender - 已发送位置更新: uwb/location/device-002
2025-03-10 17:50:03.523 [location-updates] DEBUG com.example.mqtt.MqttSender - 已发送位置更新: uwb/location/device-003
2025-03-10 17:50:04.521 [location-updates] DEBUG com.example.mqtt.MqttSender - 已发送位置更新: uwb/location/device-001
2025-03-10 17:50:04.523 [location-updates] DEBUG com.example.mqtt.MqttSender - 已发送位置更新: uwb/location/device-002
2025-03-10 17:50:04.525 [location-updates] DEBUG com.example.mqtt.MqttSender - 已发送位置更新: uwb/location/device-003
2025-03-10 17:50:05.522 [location-updates] DEBUG com.example.mqtt.MqttSender - 已发送位置更新: uwb/location/device-001
2025-03-10 17:50:05.524 [location-updates] DEBUG com.example.mqtt.MqttSender - 已发送位置更新: uwb/location/device-002
2025-03-10 17:50:05.525 [location-updates] DEBUG com.example.mqtt.MqttSender - 已发送位置更新: uwb/location/device-003
2025-03-10 17:50:06.519 [location-updates] DEBUG com.example.mqtt.MqttSender - 已发送位置更新: uwb/location/device-001
2025-03-10 17:50:06.521 [location-updates] DEBUG com.example.mqtt.MqttSender - 已发送位置更新: uwb/location/device-002
2025-03-10 17:50:06.522 [location-updates] DEBUG com.example.mqtt.MqttSender - 已发送位置更新: uwb/location/device-003
2025-03-10 17:50:07.519 [vital-signs] DEBUG com.example.mqtt.MqttSender - 已发送生命体征: patient/vitals/P2
2025-03-10 17:50:07.522 [location-updates] DEBUG com.example.mqtt.MqttSender - 已发送位置更新: uwb/location/device-001
2025-03-10 17:50:07.523 [events] DEBUG com.example.mqtt.MqttSender - 已发送事件: patient/events/P1
2025-03-10 17:50:07.523 [location-updates] DEBUG com.example.mqtt.MqttSender - 已发送位置更新: uwb/location/device-002
2025-03-10 17:50:07.525 [location-updates] DEBUG com.example.mqtt.MqttSender - 已发送位置更新: uwb/location/device-003
2025-03-10 17:50:08.520 [location-updates] DEBUG com.example.mqtt.MqttSender - 已发送位置更新: uwb/location/device-001
2025-03-10 17:50:08.521 [location-updates] DEBUG com.example.mqtt.MqttSender - 已发送位置更新: uwb/location/device-002
2025-03-10 17:50:08.522 [location-updates] DEBUG com.example.mqtt.MqttSender - 已发送位置更新: uwb/location/device-003
2025-03-10 17:50:09.519 [location-updates] DEBUG com.example.mqtt.MqttSender - 已发送位置更新: uwb/location/device-001
2025-03-10 17:50:09.520 [location-updates] DEBUG com.example.mqtt.MqttSender - 已发送位置更新: uwb/location/device-002
2025-03-10 17:50:09.521 [location-updates] DEBUG com.example.mqtt.MqttSender - 已发送位置更新: uwb/location/device-003
2025-03-10 17:50:10.520 [location-updates] DEBUG com.example.mqtt.MqttSender - 已发送位置更新: uwb/location/device-001
2025-03-10 17:50:10.522 [location-updates] DEBUG com.example.mqtt.MqttSender - 已发送位置更新: uwb/location/device-002
2025-03-10 17:50:10.524 [location-updates] DEBUG com.example.mqtt.MqttSender - 已发送位置更新: uwb/location/device-003
2025-03-10 17:50:11.523 [location-updates] DEBUG com.example.mqtt.MqttSender - 已发送位置更新: uwb/location/device-001
2025-03-10 17:50:11.525 [location-updates] DEBUG com.example.mqtt.MqttSender - 已发送位置更新: uwb/location/device-002
2025-03-10 17:50:11.527 [location-updates] DEBUG com.example.mqtt.MqttSender - 已发送位置更新: uwb/location/device-003
2025-03-10 17:50:12.520 [vital-signs] DEBUG com.example.mqtt.MqttSender - 已发送生命体征: patient/vitals/P1
2025-03-10 17:50:12.520 [location-updates] DEBUG com.example.mqtt.MqttSender - 已发送位置更新: uwb/location/device-001
2025-03-10 17:50:12.523 [location-updates] DEBUG com.example.mqtt.MqttSender - 已发送位置更新: uwb/location/device-002
2025-03-10 17:50:12.524 [location-updates] DEBUG com.example.mqtt.MqttSender - 已发送位置更新: uwb/location/device-003
2025-03-10 17:50:13.519 [location-updates] DEBUG com.example.mqtt.MqttSender - 已发送位置更新: uwb/location/device-001
2025-03-10 17:50:13.521 [location-updates] DEBUG com.example.mqtt.MqttSender - 已发送位置更新: uwb/location/device-002
2025-03-10 17:50:13.522 [location-updates] DEBUG com.example.mqtt.MqttSender - 已发送位置更新: uwb/location/device-003
2025-03-10 17:50:14.522 [location-updates] DEBUG com.example.mqtt.MqttSender - 已发送位置更新: uwb/location/device-001
2025-03-10 17:50:14.524 [location-updates] DEBUG com.example.mqtt.MqttSender - 已发送位置更新: uwb/location/device-002
2025-03-10 17:50:14.525 [location-updates] DEBUG com.example.mqtt.MqttSender - 已发送位置更新: uwb/location/device-003
2025-03-10 17:50:15.521 [location-updates] DEBUG com.example.mqtt.MqttSender - 已发送位置更新: uwb/location/device-001
2025-03-10 17:50:15.522 [location-updates] DEBUG com.example.mqtt.MqttSender - 已发送位置更新: uwb/location/device-002
2025-03-10 17:50:15.523 [location-updates] DEBUG com.example.mqtt.MqttSender - 已发送位置更新: uwb/location/device-003
2025-03-10 17:50:16.519 [location-updates] DEBUG com.example.mqtt.MqttSender - 已发送位置更新: uwb/location/device-001
2025-03-10 17:50:16.520 [location-updates] DEBUG com.example.mqtt.MqttSender - 已发送位置更新: uwb/location/device-002
2025-03-10 17:50:16.521 [location-updates] DEBUG com.example.mqtt.MqttSender - 已发送位置更新: uwb/location/device-003
2025-03-10 17:50:17.520 [vital-signs] DEBUG com.example.mqtt.MqttSender - 已发送生命体征: patient/vitals/P1
2025-03-10 17:50:17.521 [location-updates] DEBUG com.example.mqtt.MqttSender - 已发送位置更新: uwb/location/device-001
2025-03-10 17:50:17.522 [events] DEBUG com.example.mqtt.MqttSender - 已发送事件: patient/events/P1
2025-03-10 17:50:17.522 [location-updates] DEBUG com.example.mqtt.MqttSender - 已发送位置更新: uwb/location/device-002
2025-03-10 17:50:17.523 [location-updates] DEBUG com.example.mqtt.MqttSender - 已发送位置更新: uwb/location/device-003
2025-03-10 17:50:18.519 [location-updates] DEBUG com.example.mqtt.MqttSender - 已发送位置更新: uwb/location/device-001
2025-03-10 17:50:18.520 [location-updates] DEBUG com.example.mqtt.MqttSender - 已发送位置更新: uwb/location/device-002
2025-03-10 17:50:18.521 [location-updates] DEBUG com.example.mqtt.MqttSender - 已发送位置更新: uwb/location/device-003
2025-03-10 17:50:19.520 [location-updates] DEBUG com.example.mqtt.MqttSender - 已发送位置更新: uwb/location/device-001
2025-03-10 17:50:19.522 [location-updates] DEBUG com.example.mqtt.MqttSender - 已发送位置更新: uwb/location/device-002
2025-03-10 17:50:19.523 [location-updates] DEBUG com.example.mqtt.MqttSender - 已发送位置更新: uwb/location/device-003
2025-03-10 17:50:20.520 [location-updates] DEBUG com.example.mqtt.MqttSender - 已发送位置更新: uwb/location/device-001
2025-03-10 17:50:20.522 [location-updates] DEBUG com.example.mqtt.MqttSender - 已发送位置更新: uwb/location/device-002
2025-03-10 17:50:20.523 [location-updates] DEBUG com.example.mqtt.MqttSender - 已发送位置更新: uwb/location/device-003
2025-03-10 17:50:21.519 [location-updates] DEBUG com.example.mqtt.MqttSender - 已发送位置更新: uwb/location/device-001
2025-03-10 17:50:21.520 [location-updates] DEBUG com.example.mqtt.MqttSender - 已发送位置更新: uwb/location/device-002
2025-03-10 17:50:21.521 [location-updates] DEBUG com.example.mqtt.MqttSender - 已发送位置更新: uwb/location/device-003
2025-03-10 17:50:22.519 [vital-signs] DEBUG com.example.mqtt.MqttSender - 已发送生命体征: patient/vitals/P2
2025-03-10 17:50:22.520 [location-updates] DEBUG com.example.mqtt.MqttSender - 已发送位置更新: uwb/location/device-001
2025-03-10 17:50:22.523 [location-updates] DEBUG com.example.mqtt.MqttSender - 已发送位置更新: uwb/location/device-002
2025-03-10 17:50:22.525 [location-updates] DEBUG com.example.mqtt.MqttSender - 已发送位置更新: uwb/location/device-003
2025-03-10 17:50:23.519 [location-updates] DEBUG com.example.mqtt.MqttSender - 已发送位置更新: uwb/location/device-001
2025-03-10 17:50:23.521 [location-updates] DEBUG com.example.mqtt.MqttSender - 已发送位置更新: uwb/location/device-002
2025-03-10 17:50:23.522 [location-updates] DEBUG com.example.mqtt.MqttSender - 已发送位置更新: uwb/location/device-003
2025-03-10 17:50:24.520 [location-updates] DEBUG com.example.mqtt.MqttSender - 已发送位置更新: uwb/location/device-001
2025-03-10 17:50:24.523 [location-updates] DEBUG com.example.mqtt.MqttSender - 已发送位置更新: uwb/location/device-002
2025-03-10 17:50:24.525 [location-updates] DEBUG com.example.mqtt.MqttSender - 已发送位置更新: uwb/location/device-003
2025-03-10 17:50:25.522 [location-updates] DEBUG com.example.mqtt.MqttSender - 已发送位置更新: uwb/location/device-001
2025-03-10 17:50:25.524 [location-updates] DEBUG com.example.mqtt.MqttSender - 已发送位置更新: uwb/location/device-002
2025-03-10 17:50:25.526 [location-updates] DEBUG com.example.mqtt.MqttSender - 已发送位置更新: uwb/location/device-003
2025-03-10 17:50:26.521 [location-updates] DEBUG com.example.mqtt.MqttSender - 已发送位置更新: uwb/location/device-001
2025-03-10 17:50:26.523 [location-updates] DEBUG com.example.mqtt.MqttSender - 已发送位置更新: uwb/location/device-002
2025-03-10 17:50:26.524 [location-updates] DEBUG com.example.mqtt.MqttSender - 已发送位置更新: uwb/location/device-003
2025-03-10 17:50:27.522 [vital-signs] DEBUG com.example.mqtt.MqttSender - 已发送生命体征: patient/vitals/P1
2025-03-10 17:50:27.524 [location-updates] DEBUG com.example.mqtt.MqttSender - 已发送位置更新: uwb/location/device-001
2025-03-10 17:50:27.525 [events] DEBUG com.example.mqtt.MqttSender - 已发送事件: patient/events/P1
2025-03-10 17:50:27.526 [location-updates] DEBUG com.example.mqtt.MqttSender - 已发送位置更新: uwb/location/device-002
2025-03-10 17:50:27.527 [location-updates] DEBUG com.example.mqtt.MqttSender - 已发送位置更新: uwb/location/device-003
2025-03-10 17:50:28.522 [location-updates] DEBUG com.example.mqtt.MqttSender - 已发送位置更新: uwb/location/device-001
2025-03-10 17:50:28.525 [location-updates] DEBUG com.example.mqtt.MqttSender - 已发送位置更新: uwb/location/device-002
2025-03-10 17:50:28.527 [location-updates] DEBUG com.example.mqtt.MqttSender - 已发送位置更新: uwb/location/device-003
2025-03-10 17:50:29.520 [location-updates] DEBUG com.example.mqtt.MqttSender - 已发送位置更新: uwb/location/device-001
2025-03-10 17:50:29.522 [location-updates] DEBUG com.example.mqtt.MqttSender - 已发送位置更新: uwb/location/device-002
2025-03-10 17:50:29.524 [location-updates] DEBUG com.example.mqtt.MqttSender - 已发送位置更新: uwb/location/device-003
2025-03-10 17:50:30.522 [location-updates] DEBUG com.example.mqtt.MqttSender - 已发送位置更新: uwb/location/device-001
2025-03-10 17:50:30.523 [location-updates] DEBUG com.example.mqtt.MqttSender - 已发送位置更新: uwb/location/device-002
2025-03-10 17:50:30.524 [location-updates] DEBUG com.example.mqtt.MqttSender - 已发送位置更新: uwb/location/device-003
2025-03-10 17:50:31.520 [location-updates] DEBUG com.example.mqtt.MqttSender - 已发送位置更新: uwb/location/device-001
2025-03-10 17:50:31.522 [location-updates] DEBUG com.example.mqtt.MqttSender - 已发送位置更新: uwb/location/device-002
2025-03-10 17:50:31.523 [location-updates] DEBUG com.example.mqtt.MqttSender - 已发送位置更新: uwb/location/device-003
2025-03-10 17:50:32.518 [vital-signs] DEBUG com.example.mqtt.MqttSender - 已发送生命体征: patient/vitals/P2
2025-03-10 17:50:32.519 [location-updates] DEBUG com.example.mqtt.MqttSender - 已发送位置更新: uwb/location/device-001
2025-03-10 17:50:32.520 [location-updates] DEBUG com.example.mqtt.MqttSender - 已发送位置更新: uwb/location/device-002
2025-03-10 17:50:32.522 [location-updates] DEBUG com.example.mqtt.MqttSender - 已发送位置更新: uwb/location/device-003
2025-03-10 17:50:33.521 [location-updates] DEBUG com.example.mqtt.MqttSender - 已发送位置更新: uwb/location/device-001
2025-03-10 17:50:33.522 [location-updates] DEBUG com.example.mqtt.MqttSender - 已发送位置更新: uwb/location/device-002
2025-03-10 17:50:33.523 [location-updates] DEBUG com.example.mqtt.MqttSender - 已发送位置更新: uwb/location/device-003
2025-03-10 17:50:34.518 [location-updates] DEBUG com.example.mqtt.MqttSender - 已发送位置更新: uwb/location/device-001
2025-03-10 17:50:34.519 [location-updates] DEBUG com.example.mqtt.MqttSender - 已发送位置更新: uwb/location/device-002
2025-03-10 17:50:34.520 [location-updates] DEBUG com.example.mqtt.MqttSender - 已发送位置更新: uwb/location/device-003
2025-03-10 17:50:35.520 [location-updates] DEBUG com.example.mqtt.MqttSender - 已发送位置更新: uwb/location/device-001
2025-03-10 17:50:35.521 [location-updates] DEBUG com.example.mqtt.MqttSender - 已发送位置更新: uwb/location/device-002
2025-03-10 17:50:35.522 [location-updates] DEBUG com.example.mqtt.MqttSender - 已发送位置更新: uwb/location/device-003
2025-03-10 17:50:36.520 [location-updates] DEBUG com.example.mqtt.MqttSender - 已发送位置更新: uwb/location/device-001
2025-03-10 17:50:36.521 [location-updates] DEBUG com.example.mqtt.MqttSender - 已发送位置更新: uwb/location/device-002
2025-03-10 17:50:36.523 [location-updates] DEBUG com.example.mqtt.MqttSender - 已发送位置更新: uwb/location/device-003
2025-03-10 17:50:37.517 [location-updates] DEBUG com.example.mqtt.MqttSender - 已发送位置更新: uwb/location/device-001
2025-03-10 17:50:37.518 [vital-signs] DEBUG com.example.mqtt.MqttSender - 已发送生命体征: patient/vitals/P2
2025-03-10 17:50:37.518 [location-updates] DEBUG com.example.mqtt.MqttSender - 已发送位置更新: uwb/location/device-002
2025-03-10 17:50:37.531 [events] DEBUG com.example.mqtt.MqttSender - 已发送事件: patient/events/P1
2025-03-10 17:50:37.532 [location-updates] DEBUG com.example.mqtt.MqttSender - 已发送位置更新: uwb/location/device-003
2025-03-10 17:50:38.521 [location-updates] DEBUG com.example.mqtt.MqttSender - 已发送位置更新: uwb/location/device-001
2025-03-10 17:50:38.523 [location-updates] DEBUG com.example.mqtt.MqttSender - 已发送位置更新: uwb/location/device-002
2025-03-10 17:50:38.524 [location-updates] DEBUG com.example.mqtt.MqttSender - 已发送位置更新: uwb/location/device-003
2025-03-10 17:50:39.519 [location-updates] DEBUG com.example.mqtt.MqttSender - 已发送位置更新: uwb/location/device-001
2025-03-10 17:50:39.521 [location-updates] DEBUG com.example.mqtt.MqttSender - 已发送位置更新: uwb/location/device-002
2025-03-10 17:50:39.522 [location-updates] DEBUG com.example.mqtt.MqttSender - 已发送位置更新: uwb/location/device-003
2025-03-10 17:50:40.519 [location-updates] DEBUG com.example.mqtt.MqttSender - 已发送位置更新: uwb/location/device-001
2025-03-10 17:50:40.520 [location-updates] DEBUG com.example.mqtt.MqttSender - 已发送位置更新: uwb/location/device-002
2025-03-10 17:50:40.522 [location-updates] DEBUG com.example.mqtt.MqttSender - 已发送位置更新: uwb/location/device-003
2025-03-10 17:50:41.519 [location-updates] DEBUG com.example.mqtt.MqttSender - 已发送位置更新: uwb/location/device-001
2025-03-10 17:50:41.520 [location-updates] DEBUG com.example.mqtt.MqttSender - 已发送位置更新: uwb/location/device-002
2025-03-10 17:50:41.521 [location-updates] DEBUG com.example.mqtt.MqttSender - 已发送位置更新: uwb/location/device-003
2025-03-10 17:50:42.520 [vital-signs] DEBUG com.example.mqtt.MqttSender - 已发送生命体征: patient/vitals/P1
2025-03-10 17:50:42.521 [location-updates] DEBUG com.example.mqtt.MqttSender - 已发送位置更新: uwb/location/device-001
2025-03-10 17:50:42.525 [location-updates] DEBUG com.example.mqtt.MqttSender - 已发送位置更新: uwb/location/device-002
2025-03-10 17:50:42.526 [location-updates] DEBUG com.example.mqtt.MqttSender - 已发送位置更新: uwb/location/device-003
2025-03-10 17:50:43.520 [location-updates] DEBUG com.example.mqtt.MqttSender - 已发送位置更新: uwb/location/device-001
2025-03-10 17:50:43.521 [location-updates] DEBUG com.example.mqtt.MqttSender - 已发送位置更新: uwb/location/device-002
2025-03-10 17:50:43.522 [location-updates] DEBUG com.example.mqtt.MqttSender - 已发送位置更新: uwb/location/device-003
2025-03-10 17:50:44.520 [location-updates] DEBUG com.example.mqtt.MqttSender - 已发送位置更新: uwb/location/device-001
2025-03-10 17:50:44.522 [location-updates] DEBUG com.example.mqtt.MqttSender - 已发送位置更新: uwb/location/device-002
2025-03-10 17:50:44.523 [location-updates] DEBUG com.example.mqtt.MqttSender - 已发送位置更新: uwb/location/device-003
2025-03-10 17:50:45.521 [location-updates] DEBUG com.example.mqtt.MqttSender - 已发送位置更新: uwb/location/device-001
2025-03-10 17:50:45.522 [location-updates] DEBUG com.example.mqtt.MqttSender - 已发送位置更新: uwb/location/device-002
2025-03-10 17:50:45.524 [location-updates] DEBUG com.example.mqtt.MqttSender - 已发送位置更新: uwb/location/device-003
2025-03-10 17:50:46.520 [location-updates] DEBUG com.example.mqtt.MqttSender - 已发送位置更新: uwb/location/device-001
2025-03-10 17:50:46.522 [location-updates] DEBUG com.example.mqtt.MqttSender - 已发送位置更新: uwb/location/device-002
2025-03-10 17:50:46.523 [location-updates] DEBUG com.example.mqtt.MqttSender - 已发送位置更新: uwb/location/device-003
2025-03-10 17:50:47.547 [vital-signs] DEBUG com.example.mqtt.MqttSender - 已发送生命体征: patient/vitals/P2
2025-03-10 17:50:47.550 [events] DEBUG com.example.mqtt.MqttSender - 已发送事件: patient/events/P2
2025-03-10 17:50:47.552 [location-updates] DEBUG com.example.mqtt.MqttSender - 已发送位置更新: uwb/location/device-001
2025-03-10 17:50:47.555 [location-updates] DEBUG com.example.mqtt.MqttSender - 已发送位置更新: uwb/location/device-002
2025-03-10 17:50:47.558 [location-updates] DEBUG com.example.mqtt.MqttSender - 已发送位置更新: uwb/location/device-003
2025-03-10 17:50:48.521 [location-updates] DEBUG com.example.mqtt.MqttSender - 已发送位置更新: uwb/location/device-001
2025-03-10 17:50:48.523 [location-updates] DEBUG com.example.mqtt.MqttSender - 已发送位置更新: uwb/location/device-002
2025-03-10 17:50:48.524 [location-updates] DEBUG com.example.mqtt.MqttSender - 已发送位置更新: uwb/location/device-003
2025-03-10 17:50:49.518 [location-updates] DEBUG com.example.mqtt.MqttSender - 已发送位置更新: uwb/location/device-001
2025-03-10 17:50:49.519 [location-updates] DEBUG com.example.mqtt.MqttSender - 已发送位置更新: uwb/location/device-002
2025-03-10 17:50:49.520 [location-updates] DEBUG com.example.mqtt.MqttSender - 已发送位置更新: uwb/location/device-003
2025-03-10 17:50:50.521 [location-updates] DEBUG com.example.mqtt.MqttSender - 已发送位置更新: uwb/location/device-001
2025-03-10 17:50:50.522 [location-updates] DEBUG com.example.mqtt.MqttSender - 已发送位置更新: uwb/location/device-002
2025-03-10 17:50:50.524 [location-updates] DEBUG com.example.mqtt.MqttSender - 已发送位置更新: uwb/location/device-003
2025-03-10 17:50:51.517 [location-updates] DEBUG com.example.mqtt.MqttSender - 已发送位置更新: uwb/location/device-001
2025-03-10 17:50:51.518 [location-updates] DEBUG com.example.mqtt.MqttSender - 已发送位置更新: uwb/location/device-002
2025-03-10 17:50:51.519 [location-updates] DEBUG com.example.mqtt.MqttSender - 已发送位置更新: uwb/location/device-003
2025-03-10 17:50:52.521 [location-updates] DEBUG com.example.mqtt.MqttSender - 已发送位置更新: uwb/location/device-001
2025-03-10 17:50:52.521 [vital-signs] DEBUG com.example.mqtt.MqttSender - 已发送生命体征: patient/vitals/P3
2025-03-10 17:50:52.522 [location-updates] DEBUG com.example.mqtt.MqttSender - 已发送位置更新: uwb/location/device-002
2025-03-10 17:50:52.523 [location-updates] DEBUG com.example.mqtt.MqttSender - 已发送位置更新: uwb/location/device-003
2025-03-10 17:50:53.522 [location-updates] DEBUG com.example.mqtt.MqttSender - 已发送位置更新: uwb/location/device-001
2025-03-10 17:50:53.532 [location-updates] DEBUG com.example.mqtt.MqttSender - 已发送位置更新: uwb/location/device-002
2025-03-10 17:50:53.533 [location-updates] DEBUG com.example.mqtt.MqttSender - 已发送位置更新: uwb/location/device-003
2025-03-10 17:50:54.519 [location-updates] DEBUG com.example.mqtt.MqttSender - 已发送位置更新: uwb/location/device-001
2025-03-10 17:50:54.520 [location-updates] DEBUG com.example.mqtt.MqttSender - 已发送位置更新: uwb/location/device-002
2025-03-10 17:50:54.521 [location-updates] DEBUG com.example.mqtt.MqttSender - 已发送位置更新: uwb/location/device-003
2025-03-10 17:50:55.517 [location-updates] DEBUG com.example.mqtt.MqttSender - 已发送位置更新: uwb/location/device-001
2025-03-10 17:50:55.518 [location-updates] DEBUG com.example.mqtt.MqttSender - 已发送位置更新: uwb/location/device-002
2025-03-10 17:50:55.519 [location-updates] DEBUG com.example.mqtt.MqttSender - 已发送位置更新: uwb/location/device-003
2025-03-10 17:50:56.521 [location-updates] DEBUG com.example.mqtt.MqttSender - 已发送位置更新: uwb/location/device-001
2025-03-10 17:50:56.523 [location-updates] DEBUG com.example.mqtt.MqttSender - 已发送位置更新: uwb/location/device-002
2025-03-10 17:50:56.524 [location-updates] DEBUG com.example.mqtt.MqttSender - 已发送位置更新: uwb/location/device-003
2025-03-10 17:50:57.522 [vital-signs] DEBUG com.example.mqtt.MqttSender - 已发送生命体征: patient/vitals/P3
2025-03-10 17:50:57.523 [events] DEBUG com.example.mqtt.MqttSender - 已发送事件: patient/events/P3
2025-03-10 17:50:57.523 [location-updates] DEBUG com.example.mqtt.MqttSender - 已发送位置更新: uwb/location/device-001
2025-03-10 17:50:57.524 [location-updates] DEBUG com.example.mqtt.MqttSender - 已发送位置更新: uwb/location/device-002
2025-03-10 17:50:57.525 [location-updates] DEBUG com.example.mqtt.MqttSender - 已发送位置更新: uwb/location/device-003
2025-03-10 17:50:58.517 [location-updates] DEBUG com.example.mqtt.MqttSender - 已发送位置更新: uwb/location/device-001
2025-03-10 17:50:58.518 [location-updates] DEBUG com.example.mqtt.MqttSender - 已发送位置更新: uwb/location/device-002
2025-03-10 17:50:58.520 [location-updates] DEBUG com.example.mqtt.MqttSender - 已发送位置更新: uwb/location/device-003
2025-03-10 17:50:59.519 [location-updates] DEBUG com.example.mqtt.MqttSender - 已发送位置更新: uwb/location/device-001
2025-03-10 17:50:59.520 [location-updates] DEBUG com.example.mqtt.MqttSender - 已发送位置更新: uwb/location/device-002
2025-03-10 17:50:59.522 [location-updates] DEBUG com.example.mqtt.MqttSender - 已发送位置更新: uwb/location/device-003
2025-03-10 17:51:00.519 [location-updates] DEBUG com.example.mqtt.MqttSender - 已发送位置更新: uwb/location/device-001
2025-03-10 17:51:00.520 [location-updates] DEBUG com.example.mqtt.MqttSender - 已发送位置更新: uwb/location/device-002
2025-03-10 17:51:00.522 [location-updates] DEBUG com.example.mqtt.MqttSender - 已发送位置更新: uwb/location/device-003
2025-03-10 17:51:01.521 [location-updates] DEBUG com.example.mqtt.MqttSender - 已发送位置更新: uwb/location/device-001
2025-03-10 17:51:01.523 [location-updates] DEBUG com.example.mqtt.MqttSender - 已发送位置更新: uwb/location/device-002
2025-03-10 17:51:01.524 [location-updates] DEBUG com.example.mqtt.MqttSender - 已发送位置更新: uwb/location/device-003
2025-03-10 17:51:02.519 [vital-signs] DEBUG com.example.mqtt.MqttSender - 已发送生命体征: patient/vitals/P1
2025-03-10 17:51:02.519 [location-updates] DEBUG com.example.mqtt.MqttSender - 已发送位置更新: uwb/location/device-001
2025-03-10 17:51:02.520 [location-updates] DEBUG com.example.mqtt.MqttSender - 已发送位置更新: uwb/location/device-002
2025-03-10 17:51:02.521 [location-updates] DEBUG com.example.mqtt.MqttSender - 已发送位置更新: uwb/location/device-003
2025-03-10 17:51:03.518 [location-updates] DEBUG com.example.mqtt.MqttSender - 已发送位置更新: uwb/location/device-001
2025-03-10 17:51:03.520 [location-updates] DEBUG com.example.mqtt.MqttSender - 已发送位置更新: uwb/location/device-002
2025-03-10 17:51:03.521 [location-updates] DEBUG com.example.mqtt.MqttSender - 已发送位置更新: uwb/location/device-003
2025-03-10 17:51:04.520 [location-updates] DEBUG com.example.mqtt.MqttSender - 已发送位置更新: uwb/location/device-001
2025-03-10 17:51:04.522 [location-updates] DEBUG com.example.mqtt.MqttSender - 已发送位置更新: uwb/location/device-002
2025-03-10 17:51:04.523 [location-updates] DEBUG com.example.mqtt.MqttSender - 已发送位置更新: uwb/location/device-003
