2025-10-07 22:26:08.765 [DefaultDispatcher-worker-2] INFO  c.s.services.MqttService - 位置數據已存儲到數據庫 - 患者ID: 1, 標籤: 0x06EA
2025-10-07 22:27:55.026 [MQTT Ping: SeniorCarePlusBackend_Receiver_1759837541586] WARN  c.s.services.MqttService - MQTT連接丟失: 等待伺服器的回應時逾時
2025-10-07 22:27:57.196 [MQTT Ping: SeniorCarePlusBackend_Receiver_1759837483514] WARN  c.s.services.MqttService - MQTT連接丟失: 等待伺服器的回應時逾時
2025-10-15 19:32:09.911 [MQTT Rec: SeniorCarePlusBackend_Receiver_1759837604672] WARN  c.s.services.MqttService - MQTT連接丟失: 連線遺失
2025-10-07 22:26:09.137 [MQTT Call: SeniorCarePlusBackend_Receiver_1759837581189] INFO  c.s.services.MqttService - 收到MQTT消息 - 主題: UWB/GW16B8_Loca, 內容: {
	"content":	"location",
	"gateway id":	4192540344,
	"region id":	0,
	"organiz id":	0,
	"node":	"TAG",
	"id":	53397,
	"id(Hex)":	"0xD095",
	"position":	{
		"x":	1.52,
		"y":	-1.35,
		"z":	1.36,
		"quality":	68
	},
	"time":	"2025-280 22:26:08.90",
	"sf number":	167,
	"serial no":	1416917
}
2025-10-07 22:27:58.776 [MQTT Ping: SeniorCarePlusBackend_Receiver_1759837606596] WARN  c.s.services.MqttService - MQTT連接丟失: 等待伺服器的回應時逾時
2025-10-15 19:32:09.911 [MQTT Rec: SeniorCarePlusBackend_Receiver_1759837603216] WARN  c.s.services.MqttService - MQTT連接丟失: 連線遺失
2025-10-15 19:32:09.911 [MQTT Rec: SeniorCarePlusBackend_Receiver_1759835089865] WARN  c.s.services.MqttService - MQTT連接丟失: 連線遺失
2025-10-07 22:26:08.765 [DefaultDispatcher-worker-12] INFO  c.s.services.MqttService - 位置數據已存儲到數據庫 - 患者ID: 1, 標籤: 0x06EA
2025-10-07 22:28:04.482 [MQTT Ping: SeniorCarePlusBackend_Receiver_1759837490868] WARN  c.s.services.MqttService - MQTT連接丟失: 等待伺服器的回應時逾時
2025-10-15 19:32:09.912 [MQTT Rec: SeniorCarePlusBackend_Receiver_1759837602229] WARN  c.s.services.MqttService - MQTT連接丟失: 連線遺失
2025-10-07 22:26:09.140 [MQTT Call: SeniorCarePlusBackend_Receiver_1759837606596] INFO  c.s.services.MqttService - 收到MQTT消息 - 主題: UWB/GW16B8_Loca, 內容: {
	"content":	"location",
	"gateway id":	4192540344,
	"region id":	0,
	"organiz id":	0,
	"node":	"TAG",
	"id":	53397,
	"id(Hex)":	"0xD095",
	"position":	{
		"x":	1.52,
		"y":	-1.35,
		"z":	1.36,
		"quality":	68
	},
	"time":	"2025-280 22:26:08.90",
	"sf number":	167,
	"serial no":	1416917
}
2025-10-07 22:26:08.765 [DefaultDispatcher-worker-8] INFO  c.s.services.MqttService - 位置數據已存儲到數據庫 - 患者ID: 1, 標籤: 0x06EA
2025-10-07 22:28:10.436 [MQTT Ping: SeniorCarePlusBackend_Receiver_1759837498640] WARN  c.s.services.MqttService - MQTT連接丟失: 等待伺服器的回應時逾時
2025-10-07 22:27:39.241 [MQTT Ping: SeniorCarePlusBackend_Receiver_1759837525888] WARN  c.s.services.MqttService - MQTT連接丟失: 等待伺服器的回應時逾時
2025-10-07 22:26:09.166 [MQTT Call: SeniorCarePlusBackend_Receiver_1759837483514] INFO  c.s.services.MqttService - 收到MQTT消息 - 主題: UWB/GW16B8_Loca, 內容: {
	"content":	"location",
	"gateway id":	4192540344,
	"region id":	0,
	"organiz id":	0,
	"node":	"TAG",
	"id":	53397,
	"id(Hex)":	"0xD095",
	"position":	{
		"x":	1.52,
		"y":	-1.35,
		"z":	1.36,
		"quality":	68
	},
	"time":	"2025-280 22:26:08.90",
	"sf number":	167,
	"serial no":	1416917
}
2025-10-07 22:26:08.764 [DefaultDispatcher-worker-3] INFO  c.s.services.MqttService - 位置數據已發送給App - 設備: UWB_TAG_1770
2025-10-07 22:26:11.837 [DefaultDispatcher-worker-9] ERROR c.s.services.MqttService - 發送健康狀態數據給App失敗: Serializer for class 'Any' is not found.
Please ensure that class is marked as '@Serializable' and that the serialization compiler plugin is applied.

2025-10-07 22:26:08.766 [DefaultDispatcher-worker-5] INFO  c.s.services.MqttService - 位置數據已存儲到數據庫 - 患者ID: 1, 標籤: 0x06EA
2025-10-07 22:26:11.989 [DefaultDispatcher-worker-4] ERROR c.s.services.MqttService - 發送健康狀態數據給App失敗: Serializer for class 'Any' is not found.
Please ensure that class is marked as '@Serializable' and that the serialization compiler plugin is applied.

2025-10-07 22:26:09.137 [MQTT Call: SeniorCarePlusBackend_Receiver_1759837498640] INFO  c.s.services.MqttService - 收到MQTT消息 - 主題: UWB/GW16B8_Loca, 內容: {
	"content":	"location",
	"gateway id":	4192540344,
	"region id":	0,
	"organiz id":	0,
	"node":	"TAG",
	"id":	53397,
	"id(Hex)":	"0xD095",
	"position":	{
		"x":	1.52,
		"y":	-1.35,
		"z":	1.36,
		"quality":	68
	},
	"time":	"2025-280 22:26:08.90",
	"sf number":	167,
	"serial no":	1416917
}
2025-10-10 04:01:23.714 [MQTT Ping: SeniorCarePlusBackend_Publisher_1759837541586] WARN  c.s.services.MqttService - MQTT發布連接丟失: 等待伺服器的回應時逾時
2025-10-15 19:32:09.912 [DefaultDispatcher-worker-9] INFO  c.s.services.MqttService - UWB位置數據 - 標籤ID: 53397 (0xD095), 位置: (1.52, -1.35, 1.36), 品質: 68
2025-10-15 19:32:09.910 [MQTT Rec: SeniorCarePlusBackend_Receiver_1759835049505] WARN  c.s.services.MqttService - MQTT連接丟失: 連線遺失
2025-10-07 22:26:09.138 [MQTT Call: SeniorCarePlusBackend_Receiver_1759837525888] INFO  c.s.services.MqttService - 收到MQTT消息 - 主題: UWB/GW16B8_Loca, 內容: {
	"content":	"location",
	"gateway id":	4192540344,
	"region id":	0,
	"organiz id":	0,
	"node":	"TAG",
	"id":	53397,
	"id(Hex)":	"0xD095",
	"position":	{
		"x":	1.52,
		"y":	-1.35,
		"z":	1.36,
		"quality":	68
	},
	"time":	"2025-280 22:26:08.90",
	"sf number":	167,
	"serial no":	1416917
}
2025-10-07 22:26:09.138 [MQTT Call: SeniorCarePlusBackend_Receiver_1759837541586] INFO  c.s.services.MqttService - 收到MQTT消息 - 主題: UWB/GW16B8_Loca, 內容: {
	"content":	"location",
	"gateway id":	4192540344,
	"region id":	0,
	"organiz id":	0,
	"node":	"TAG",
	"id":	53397,
	"id(Hex)":	"0xD095",
	"position":	{
		"x":	1.52,
		"y":	-1.35,
		"z":	1.36,
		"quality":	68
	},
	"time":	"2025-280 22:26:08.90",
	"sf number":	167,
	"serial no":	1416917
}
2025-10-15 19:32:09.912 [DefaultDispatcher-worker-4] INFO  c.s.services.MqttService - UWB位置數據 - 標籤ID: 53397 (0xD095), 位置: (1.52, -1.35, 1.36), 品質: 68
2025-10-07 22:26:12.116 [DefaultDispatcher-worker-10] ERROR c.s.services.MqttService - 發送健康狀態數據給App失敗: Serializer for class 'Any' is not found.
Please ensure that class is marked as '@Serializable' and that the serialization compiler plugin is applied.

2025-10-15 19:32:09.913 [MQTT Rec: SeniorCarePlusBackend_Receiver_1759837600689] WARN  c.s.services.MqttService - MQTT連接丟失: 連線遺失
2025-10-07 22:26:09.140 [MQTT Call: SeniorCarePlusBackend_Receiver_1759837513474] INFO  c.s.services.MqttService - 收到MQTT消息 - 主題: UWB/GW16B8_Loca, 內容: {
	"content":	"location",
	"gateway id":	4192540344,
	"region id":	0,
	"organiz id":	0,
	"node":	"TAG",
	"id":	53397,
	"id(Hex)":	"0xD095",
	"position":	{
		"x":	1.52,
		"y":	-1.35,
		"z":	1.36,
		"quality":	68
	},
	"time":	"2025-280 22:26:08.90",
	"sf number":	167,
	"serial no":	1416917
}
2025-10-07 22:26:09.164 [MQTT Call: SeniorCarePlusBackend_Receiver_1759837490868] INFO  c.s.services.MqttService - 收到MQTT消息 - 主題: UWB/GW16B8_Loca, 內容: {
	"content":	"location",
	"gateway id":	4192540344,
	"region id":	0,
	"organiz id":	0,
	"node":	"TAG",
	"id":	53397,
	"id(Hex)":	"0xD095",
	"position":	{
		"x":	1.52,
		"y":	-1.35,
		"z":	1.36,
		"quality":	68
	},
	"time":	"2025-280 22:26:08.90",
	"sf number":	167,
	"serial no":	1416917
}
2025-10-07 22:27:26.761 [MQTT Ping: SeniorCarePlusBackend_Receiver_1759837513474] WARN  c.s.services.MqttService - MQTT連接丟失: 等待伺服器的回應時逾時
2025-10-15 19:32:09.911 [MQTT Rec: SeniorCarePlusBackend_Publisher_1759837605289] WARN  c.s.services.MqttService - MQTT發布連接丟失: 連線遺失
2025-10-10 04:01:25.965 [MQTT Rec: SeniorCarePlusBackend_Publisher_1759837255758] WARN  c.s.services.MqttService - MQTT發布連接丟失: 連線遺失
2025-10-07 22:27:33.098 [MQTT Ping: SeniorCarePlusBackend_Receiver_1759837581189] WARN  c.s.services.MqttService - MQTT連接丟失: 等待伺服器的回應時逾時
2025-10-15 19:32:09.913 [MQTT Rec: SeniorCarePlusBackend_Receiver_1759837600068] WARN  c.s.services.MqttService - MQTT連接丟失: 連線遺失
2025-10-15 19:32:09.912 [MQTT Rec: SeniorCarePlusBackend_Receiver_1759837281809] WARN  c.s.services.MqttService - MQTT連接丟失: 連線遺失
2025-10-07 22:26:11.832 [DefaultDispatcher-worker-6] ERROR c.s.services.MqttService - 發送健康狀態數據給App失敗: Serializer for class 'Any' is not found.
Please ensure that class is marked as '@Serializable' and that the serialization compiler plugin is applied.

2025-10-07 22:26:11.997 [DefaultDispatcher-worker-1] ERROR c.s.services.MqttService - 發送健康狀態數據給App失敗: Serializer for class 'Any' is not found.
Please ensure that class is marked as '@Serializable' and that the serialization compiler plugin is applied.

2025-10-10 04:01:26.107 [MQTT Ping: SeniorCarePlusBackend_Receiver_1759837563386] WARN  c.s.services.MqttService - MQTT連接丟失: 等待伺服器的回應時逾時
2025-10-15 19:32:09.913 [MQTT Rec: SeniorCarePlusBackend_Receiver_1759837599192] WARN  c.s.services.MqttService - MQTT連接丟失: 連線遺失
2025-10-07 22:26:12.107 [DefaultDispatcher-worker-7] ERROR c.s.services.MqttService - 發送健康狀態數據給App失敗: Serializer for class 'Any' is not found.
Please ensure that class is marked as '@Serializable' and that the serialization compiler plugin is applied.

2025-10-15 19:32:09.911 [MQTT Rec: SeniorCarePlusBackend_Receiver_1759837496616] WARN  c.s.services.MqttService - MQTT連接丟失: 連線遺失
2025-10-15 19:32:09.913 [MQTT Rec: SeniorCarePlusBackend_Publisher_1759837599192] WARN  c.s.services.MqttService - MQTT發布連接丟失: 連線遺失
2025-10-07 22:26:12.585 [DefaultDispatcher-worker-11] ERROR c.s.services.MqttService - 發送健康狀態數據給App失敗: Serializer for class 'Any' is not found.
Please ensure that class is marked as '@Serializable' and that the serialization compiler plugin is applied.

2025-10-10 04:01:26.114 [MQTT Ping: SeniorCarePlusBackend_Receiver_1759834142012] WARN  c.s.services.MqttService - MQTT連接丟失: 等待伺服器的回應時逾時
2025-10-15 19:32:09.913 [DefaultDispatcher-worker-5] WARN  Exposed - Transaction attempt #0 failed: Database is already closed (to disable automatic closing at VM shutdown, add ";DB_CLOSE_ON_EXIT=FALSE" to the db URL) [90121-224]. Statement(s): null
org.h2.jdbc.JdbcSQLNonTransientConnectionException: Database is already closed (to disable automatic closing at VM shutdown, add ";DB_CLOSE_ON_EXIT=FALSE" to the db URL) [90121-224]
	at org.h2.message.DbException.getJdbcSQLException(DbException.java:690)
	at org.h2.message.DbException.getJdbcSQLException(DbException.java:489)
	at org.h2.message.DbException.get(DbException.java:223)
	at org.h2.message.DbException.get(DbException.java:199)
	at org.h2.message.DbException.get(DbException.java:188)
	at org.h2.jdbc.JdbcConnection.checkClosed(JdbcConnection.java:1425)
	at org.h2.jdbc.JdbcConnection.commit(JdbcConnection.java:486)
	at org.jetbrains.exposed.sql.statements.jdbc.JdbcConnectionImpl.commit(JdbcConnectionImpl.kt:30)
	at org.jetbrains.exposed.sql.transactions.ThreadLocalTransactionManager$ThreadLocalTransaction.commit(ThreadLocalTransactionManager.kt:115)
	at org.jetbrains.exposed.sql.Transaction.commit(Transaction.kt:88)
	at org.jetbrains.exposed.sql.transactions.ThreadLocalTransactionManagerKt.inTopLevelTransaction$run(ThreadLocalTransactionManager.kt:237)
	at org.jetbrains.exposed.sql.transactions.ThreadLocalTransactionManagerKt.access$inTopLevelTransaction$run(ThreadLocalTransactionManager.kt:1)
	at org.jetbrains.exposed.sql.transactions.ThreadLocalTransactionManagerKt$inTopLevelTransaction$1.invoke(ThreadLocalTransactionManager.kt:283)
	at org.jetbrains.exposed.sql.transactions.ThreadLocalTransactionManagerKt.keepAndRestoreTransactionRefAfterRun(ThreadLocalTransactionManager.kt:291)
	at org.jetbrains.exposed.sql.transactions.ThreadLocalTransactionManagerKt.inTopLevelTransaction(ThreadLocalTransactionManager.kt:282)
	at org.jetbrains.exposed.sql.transactions.ThreadLocalTransactionManagerKt$transaction$1.invoke(ThreadLocalTransactionManager.kt:204)
	at org.jetbrains.exposed.sql.transactions.ThreadLocalTransactionManagerKt.keepAndRestoreTransactionRefAfterRun(ThreadLocalTransactionManager.kt:291)
	at org.jetbrains.exposed.sql.transactions.ThreadLocalTransactionManagerKt.transaction(ThreadLocalTransactionManager.kt:174)
	at org.jetbrains.exposed.sql.transactions.ThreadLocalTransactionManagerKt.transaction(ThreadLocalTransactionManager.kt:162)
	at org.jetbrains.exposed.sql.transactions.ThreadLocalTransactionManagerKt.transaction$default(ThreadLocalTransactionManager.kt:161)
	at com.seniorcareplus.services.MqttService.processLocationData(MqttService.kt:352)
	at com.seniorcareplus.services.MqttService.processMessage(MqttService.kt:214)
	at com.seniorcareplus.services.MqttService.access$processMessage(MqttService.kt:30)
	at com.seniorcareplus.services.MqttService$connect$2$messageArrived$1.invokeSuspend(MqttService.kt:136)
	at kotlin.coroutines.jvm.internal.BaseContinuationImpl.resumeWith(ContinuationImpl.kt:33)
	at kotlinx.coroutines.DispatchedTask.run(DispatchedTask.kt:108)
	at kotlinx.coroutines.scheduling.CoroutineScheduler.runSafely(CoroutineScheduler.kt:584)
	at kotlinx.coroutines.scheduling.CoroutineScheduler$Worker.executeTask(CoroutineScheduler.kt:793)
	at kotlinx.coroutines.scheduling.CoroutineScheduler$Worker.runWorker(CoroutineScheduler.kt:697)
	at kotlinx.coroutines.scheduling.CoroutineScheduler$Worker.run(CoroutineScheduler.kt:684)
2025-10-10 04:01:25.302 [MQTT Ping: SeniorCarePlusBackend_Receiver_1759835050685] WARN  c.s.services.MqttService - MQTT連接丟失: 等待伺服器的回應時逾時
2025-10-15 19:32:09.913 [DefaultDispatcher-worker-11] INFO  c.s.services.MqttService - UWB位置數據 - 標籤ID: 53397 (0xD095), 位置: (1.52, -1.35, 1.36), 品質: 68
2025-10-15 19:32:09.914 [MQTT Rec: SeniorCarePlusBackend_Receiver_1759837597336] WARN  c.s.services.MqttService - MQTT連接丟失: 連線遺失
2025-10-15 19:32:09.913 [MQTT Rec: SeniorCarePlusBackend_Publisher_1759837600734] WARN  c.s.services.MqttService - MQTT發布連接丟失: 連線遺失
2025-10-10 04:01:26.115 [MQTT Ping: SeniorCarePlusBackend_Receiver_1759837243857] WARN  c.s.services.MqttService - MQTT連接丟失: 等待伺服器的回應時逾時
2025-10-10 04:01:30.029 [MQTT Ping: SeniorCarePlusBackend_Receiver_1759837567547] WARN  c.s.services.MqttService - MQTT連接丟失: 等待伺服器的回應時逾時
2025-10-10 04:01:30.389 [MQTT Ping: SeniorCarePlusBackend_Publisher_1759837567547] WARN  c.s.services.MqttService - MQTT發布連接丟失: 等待伺服器的回應時逾時
2025-10-10 04:01:26.107 [MQTT Ping: SeniorCarePlusBackend_Publisher_1759835050685] WARN  c.s.services.MqttService - MQTT發布連接丟失: 等待伺服器的回應時逾時
2025-10-10 04:01:26.107 [MQTT Ping: SeniorCarePlusBackend_Receiver_1759837563338] WARN  c.s.services.MqttService - MQTT連接丟失: 等待伺服器的回應時逾時
2025-10-15 19:32:09.913 [MQTT Rec: SeniorCarePlusBackend_Publisher_1759837525888] WARN  c.s.services.MqttService - MQTT發布連接丟失: 連線遺失
2025-10-10 04:01:26.115 [MQTT Ping: SeniorCarePlusBackend_Receiver_1759837243716] WARN  c.s.services.MqttService - MQTT連接丟失: 等待伺服器的回應時逾時
2025-10-10 04:01:26.118 [MQTT Ping: SeniorCarePlusBackend_Receiver_1759837563343] WARN  c.s.services.MqttService - MQTT連接丟失: 等待伺服器的回應時逾時
2025-10-15 19:32:09.914 [MQTT Rec: SeniorCarePlusBackend_Publisher_1759837597336] WARN  c.s.services.MqttService - MQTT發布連接丟失: 連線遺失
2025-10-15 19:32:09.914 [DefaultDispatcher-worker-3] INFO  c.s.services.MqttService - UWB位置數據 - 標籤ID: 53397 (0xD095), 位置: (1.52, -1.35, 1.36), 品質: 68
2025-10-10 04:01:26.395 [MQTT Ping: SeniorCarePlusBackend_Receiver_1759835051863] WARN  c.s.services.MqttService - MQTT連接丟失: 等待伺服器的回應時逾時
2025-10-10 04:01:30.477 [MQTT Rec: SeniorCarePlusBackend_Receiver_1759834154671] WARN  c.s.services.MqttService - MQTT連接丟失: 連線遺失
2025-10-10 04:01:30.477 [MQTT Rec: SeniorCarePlusBackend_Receiver_1759837575286] WARN  c.s.services.MqttService - MQTT連接丟失: 連線遺失
2025-10-10 04:01:26.444 [MQTT Rec: SeniorCarePlusBackend_Publisher_1759834154671] WARN  c.s.services.MqttService - MQTT發布連接丟失: 連線遺失
2025-10-10 04:01:26.774 [MQTT Ping: SeniorCarePlusBackend_Publisher_1759835051863] WARN  c.s.services.MqttService - MQTT發布連接丟失: 等待伺服器的回應時逾時
2025-10-10 04:01:30.495 [MQTT Ping: SeniorCarePlusBackend_Receiver_1759835055591] WARN  c.s.services.MqttService - MQTT連接丟失: 等待伺服器的回應時逾時
2025-10-10 04:01:26.894 [MQTT Rec: SeniorCarePlusBackend_Receiver_1759837255162] WARN  c.s.services.MqttService - MQTT連接丟失: 連線遺失
2025-10-10 04:01:27.305 [MQTT Ping: SeniorCarePlusBackend_Publisher_1759837564801] WARN  c.s.services.MqttService - MQTT發布連接丟失: 等待伺服器的回應時逾時
2025-10-10 04:01:30.497 [MQTT Ping: SeniorCarePlusBackend_Publisher_1759837248014] WARN  c.s.services.MqttService - MQTT發布連接丟失: 等待伺服器的回應時逾時
2025-10-10 04:01:27.305 [MQTT Ping: SeniorCarePlusBackend_Receiver_1759837245664] WARN  c.s.services.MqttService - MQTT連接丟失: 等待伺服器的回應時逾時
2025-10-10 04:01:27.305 [MQTT Ping: SeniorCarePlusBackend_Receiver_1759837564801] WARN  c.s.services.MqttService - MQTT連接丟失: 等待伺服器的回應時逾時
2025-10-10 04:01:27.436 [MQTT Ping: SeniorCarePlusBackend_Publisher_1759837245292] WARN  c.s.services.MqttService - MQTT發布連接丟失: 等待伺服器的回應時逾時
2025-10-10 04:01:27.401 [MQTT Rec: SeniorCarePlusBackend_Publisher_1759837574147] WARN  c.s.services.MqttService - MQTT發布連接丟失: 連線遺失
2025-10-15 19:32:09.914 [DefaultDispatcher-worker-5] WARN  Exposed - Wait 0 milliseconds before retrying
2025-10-10 04:01:31.547 [MQTT Ping: SeniorCarePlusBackend_Receiver_1759837569134] WARN  c.s.services.MqttService - MQTT連接丟失: 等待伺服器的回應時逾時
2025-10-15 19:32:09.914 [MQTT Rec: SeniorCarePlusBackend_Publisher_1759834170854] WARN  c.s.services.MqttService - MQTT發布連接丟失: 連線遺失
2025-10-10 04:01:27.439 [MQTT Ping: SeniorCarePlusBackend_Publisher_1759837245664] WARN  c.s.services.MqttService - MQTT發布連接丟失: 等待伺服器的回應時逾時
2025-10-10 04:01:27.460 [MQTT Ping: SeniorCarePlusBackend_Receiver_1759837565165] WARN  c.s.services.MqttService - MQTT連接丟失: 等待伺服器的回應時逾時
2025-10-15 19:32:09.915 [MQTT Rec: SeniorCarePlusBackend_Receiver_1759837595618] WARN  c.s.services.MqttService - MQTT連接丟失: 連線遺失
2025-10-10 04:01:31.567 [MQTT Ping: SeniorCarePlusBackend_Receiver_1759837569172] WARN  c.s.services.MqttService - MQTT連接丟失: 等待伺服器的回應時逾時
2025-10-15 19:32:09.915 [MQTT Rec: SeniorCarePlusBackend_Receiver_1759837276121] WARN  c.s.services.MqttService - MQTT連接丟失: 連線遺失
2025-10-15 19:32:09.915 [MQTT Rec: SeniorCarePlusBackend_Publisher_1759837595768] WARN  c.s.services.MqttService - MQTT發布連接丟失: 連線遺失
2025-10-10 04:01:31.726 [MQTT Ping: SeniorCarePlusBackend_Publisher_1759837569172] WARN  c.s.services.MqttService - MQTT發布連接丟失: 等待伺服器的回應時逾時
2025-10-15 19:32:09.915 [MQTT Rec: SeniorCarePlusBackend_Publisher_1759837595087] WARN  c.s.services.MqttService - MQTT發布連接丟失: 連線遺失
2025-10-10 04:01:27.462 [MQTT Ping: SeniorCarePlusBackend_Receiver_1759837245292] WARN  c.s.services.MqttService - MQTT連接丟失: 等待伺服器的回應時逾時
2025-10-10 04:01:27.488 [MQTT Rec: SeniorCarePlusBackend_Publisher_1759837253577] WARN  c.s.services.MqttService - MQTT發布連接丟失: 連線遺失
2025-10-10 04:01:28.157 [MQTT Ping: SeniorCarePlusBackend_Receiver_1759837246718] WARN  c.s.services.MqttService - MQTT連接丟失: 等待伺服器的回應時逾時
2025-10-15 19:32:09.915 [MQTT Rec: SeniorCarePlusBackend_Receiver_1759837275403] WARN  c.s.services.MqttService - MQTT連接丟失: 連線遺失
2025-10-15 19:32:09.915 [MQTT Rec: SeniorCarePlusBackend_Receiver_1759837595063] WARN  c.s.services.MqttService - MQTT連接丟失: 連線遺失
2025-10-10 04:01:31.748 [MQTT Ping: SeniorCarePlusBackend_Receiver_1759837248634] WARN  c.s.services.MqttService - MQTT連接丟失: 等待伺服器的回應時逾時
2025-10-15 19:32:09.915 [MQTT Rec: SeniorCarePlusBackend_Receiver_1759837595078] WARN  c.s.services.MqttService - MQTT連接丟失: 連線遺失
2025-10-10 04:01:32.173 [MQTT Ping: SeniorCarePlusBackend_Publisher_1759837569231] WARN  c.s.services.MqttService - MQTT發布連接丟失: 等待伺服器的回應時逾時
2025-10-10 04:01:32.909 [MQTT Rec: SeniorCarePlusBackend_Publisher_1759837571516] WARN  c.s.services.MqttService - MQTT發布連接丟失: 連線遺失
2025-10-10 04:01:28.177 [MQTT Ping: SeniorCarePlusBackend_Receiver_1759837566246] WARN  c.s.services.MqttService - MQTT連接丟失: 等待伺服器的回應時逾時
2025-10-10 04:01:28.766 [MQTT Ping: SeniorCarePlusBackend_Publisher_1759837246718] WARN  c.s.services.MqttService - MQTT發布連接丟失: 等待伺服器的回應時逾時
2025-10-10 04:01:28.720 [MQTT Ping: SeniorCarePlusBackend_Publisher_1759837566246] WARN  c.s.services.MqttService - MQTT發布連接丟失: 等待伺服器的回應時逾時
2025-10-10 04:01:33.314 [MQTT Ping: SeniorCarePlusBackend_Receiver_1759837570657] WARN  c.s.services.MqttService - MQTT連接丟失: 等待伺服器的回應時逾時
2025-10-15 19:32:09.915 [MQTT Rec: SeniorCarePlusBackend_Publisher_1759837275403] WARN  c.s.services.MqttService - MQTT發布連接丟失: 連線遺失
2025-10-10 04:01:28.978 [MQTT Rec: SeniorCarePlusBackend_Receiver_1759837255758] WARN  c.s.services.MqttService - MQTT連接丟失: 連線遺失
2025-10-10 04:01:33.314 [MQTT Ping: SeniorCarePlusBackend_Publisher_1759837570657] WARN  c.s.services.MqttService - MQTT發布連接丟失: 等待伺服器的回應時逾時
2025-10-10 04:01:46.002 [MQTT Ping: SeniorCarePlusBackend_Receiver_1759837583598] WARN  c.s.services.MqttService - MQTT連接丟失: 等待伺服器的回應時逾時
2025-10-10 04:01:29.459 [MQTT Rec: SeniorCarePlusBackend_Receiver_1759833081541] WARN  c.s.services.MqttService - MQTT連接丟失: 連線遺失
2025-10-10 04:01:29.679 [MQTT Rec: SeniorCarePlusBackend_Receiver_1759837576451] WARN  c.s.services.MqttService - MQTT連接丟失: 連線遺失
2025-10-10 04:01:29.896 [MQTT Rec: SeniorCarePlusBackend_Receiver_1759837574147] WARN  c.s.services.MqttService - MQTT連接丟失: 連線遺失
2025-10-10 04:01:29.999 [MQTT Ping: SeniorCarePlusBackend_Receiver_1759837567246] WARN  c.s.services.MqttService - MQTT連接丟失: 等待伺服器的回應時逾時
2025-10-10 04:01:29.999 [MQTT Ping: SeniorCarePlusBackend_Receiver_1759837567304] WARN  c.s.services.MqttService - MQTT連接丟失: 等待伺服器的回應時逾時
2025-10-10 04:01:29.999 [MQTT Ping: SeniorCarePlusBackend_Receiver_1759837247786] WARN  c.s.services.MqttService - MQTT連接丟失: 等待伺服器的回應時逾時
2025-10-10 04:01:29.999 [MQTT Ping: SeniorCarePlusBackend_Receiver_1759837567377] WARN  c.s.services.MqttService - MQTT連接丟失: 等待伺服器的回應時逾時
2025-10-10 04:01:47.340 [MQTT Ping: SeniorCarePlusBackend_Receiver_1759837584810] WARN  c.s.services.MqttService - MQTT連接丟失: 等待伺服器的回應時逾時
2025-10-10 04:01:30.391 [MQTT Ping: SeniorCarePlusBackend_Receiver_1759837248014] WARN  c.s.services.MqttService - MQTT連接丟失: 等待伺服器的回應時逾時
2025-10-10 04:01:47.505 [MQTT Rec: SeniorCarePlusBackend_Receiver_1759837585760] WARN  c.s.services.MqttService - MQTT連接丟失: 連線遺失
2025-10-10 04:01:30.393 [MQTT Ping: SeniorCarePlusBackend_Receiver_1759837567346] WARN  c.s.services.MqttService - MQTT連接丟失: 等待伺服器的回應時逾時
2025-10-10 04:01:47.611 [MQTT Ping: SeniorCarePlusBackend_Publisher_1759837584810] WARN  c.s.services.MqttService - MQTT發布連接丟失: 等待伺服器的回應時逾時
2025-10-10 04:01:30.496 [MQTT Ping: SeniorCarePlusBackend_Receiver_1759837568146] WARN  c.s.services.MqttService - MQTT連接丟失: 等待伺服器的回應時逾時
2025-10-10 04:01:31.311 [MQTT Ping: SeniorCarePlusBackend_Receiver_1759837568806] WARN  c.s.services.MqttService - MQTT連接丟失: 等待伺服器的回應時逾時
2025-10-10 04:01:31.311 [MQTT Ping: SeniorCarePlusBackend_Publisher_1759837568806] WARN  c.s.services.MqttService - MQTT發布連接丟失: 等待伺服器的回應時逾時
2025-10-10 04:01:31.314 [MQTT Ping: SeniorCarePlusBackend_Publisher_1759832072339] WARN  c.s.services.MqttService - MQTT發布連接丟失: 等待伺服器的回應時逾時
2025-10-10 04:01:31.610 [MQTT Ping: SeniorCarePlusBackend_Receiver_1759837569231] WARN  c.s.services.MqttService - MQTT連接丟失: 等待伺服器的回應時逾時
2025-10-10 04:01:47.881 [MQTT Ping: SeniorCarePlusBackend_Receiver_1759835074425] WARN  c.s.services.MqttService - MQTT連接丟失: 等待伺服器的回應時逾時
2025-10-10 04:01:32.743 [MQTT Ping: SeniorCarePlusBackend_Receiver_1759837570250] WARN  c.s.services.MqttService - MQTT連接丟失: 等待伺服器的回應時逾時
2025-10-10 04:01:32.748 [MQTT Ping: SeniorCarePlusBackend_Publisher_1759837570250] WARN  c.s.services.MqttService - MQTT發布連接丟失: 等待伺服器的回應時逾時
2025-10-10 04:01:47.881 [MQTT Ping: SeniorCarePlusBackend_Receiver_1759835074577] WARN  c.s.services.MqttService - MQTT連接丟失: 等待伺服器的回應時逾時
2025-10-10 04:01:32.737 [MQTT Ping: SeniorCarePlusBackend_Publisher_1759837248634] WARN  c.s.services.MqttService - MQTT發布連接丟失: 等待伺服器的回應時逾時
2025-10-10 04:01:33.316 [MQTT Ping: SeniorCarePlusBackend_Publisher_1759834142012] WARN  c.s.services.MqttService - MQTT發布連接丟失: 等待伺服器的回應時逾時
2025-10-10 04:01:47.885 [MQTT Ping: SeniorCarePlusBackend_Receiver_1759837585766] WARN  c.s.services.MqttService - MQTT連接丟失: 等待伺服器的回應時逾時
2025-10-10 04:01:33.786 [MQTT Ping: SeniorCarePlusBackend_Publisher_1759837498640] WARN  c.s.services.MqttService - MQTT發布連接丟失: 等待伺服器的回應時逾時
2025-10-10 04:01:33.848 [MQTT Ping: SeniorCarePlusBackend_Receiver_1759837571310] WARN  c.s.services.MqttService - MQTT連接丟失: 等待伺服器的回應時逾時
2025-10-10 04:01:34.314 [MQTT Ping: SeniorCarePlusBackend_Publisher_1759835055591] WARN  c.s.services.MqttService - MQTT發布連接丟失: 等待伺服器的回應時逾時
2025-10-10 04:01:34.316 [MQTT Ping: SeniorCarePlusBackend_Receiver_1759837571516] WARN  c.s.services.MqttService - MQTT連接丟失: 等待伺服器的回應時逾時
2025-10-10 04:01:34.325 [MQTT Ping: SeniorCarePlusBackend_Receiver_1759837572098] WARN  c.s.services.MqttService - MQTT連接丟失: 等待伺服器的回應時逾時
2025-10-10 04:01:34.781 [MQTT Ping: SeniorCarePlusBackend_Receiver_1759837252932] WARN  c.s.services.MqttService - MQTT連接丟失: 等待伺服器的回應時逾時
2025-10-10 04:01:34.781 [MQTT Ping: SeniorCarePlusBackend_Publisher_1759837572098] WARN  c.s.services.MqttService - MQTT發布連接丟失: 等待伺服器的回應時逾時
2025-10-10 04:01:35.064 [MQTT Ping: SeniorCarePlusBackend_Receiver_1759837572438] WARN  c.s.services.MqttService - MQTT連接丟失: 等待伺服器的回應時逾時
2025-10-10 04:01:35.416 [MQTT Ping: SeniorCarePlusBackend_Publisher_1759837573095] WARN  c.s.services.MqttService - MQTT發布連接丟失: 等待伺服器的回應時逾時
2025-10-10 04:01:35.416 [MQTT Ping: SeniorCarePlusBackend_Receiver_1759835062276] WARN  c.s.services.MqttService - MQTT連接丟失: 等待伺服器的回應時逾時
2025-10-10 04:01:35.435 [MQTT Ping: SeniorCarePlusBackend_Receiver_1759837573095] WARN  c.s.services.MqttService - MQTT連接丟失: 等待伺服器的回應時逾時
2025-10-10 04:01:48.824 [MQTT Ping: SeniorCarePlusBackend_Publisher_1759837266771] WARN  c.s.services.MqttService - MQTT發布連接丟失: 等待伺服器的回應時逾時
2025-10-10 04:01:37.102 [MQTT Ping: SeniorCarePlusBackend_Receiver_1759837574658] WARN  c.s.services.MqttService - MQTT連接丟失: 等待伺服器的回應時逾時
2025-10-10 04:01:35.427 [MQTT Ping: SeniorCarePlusBackend_Receiver_1759837253577] WARN  c.s.services.MqttService - MQTT連接丟失: 等待伺服器的回應時逾時
2025-10-10 04:01:48.833 [MQTT Ping: SeniorCarePlusBackend_Receiver_1759837266771] WARN  c.s.services.MqttService - MQTT連接丟失: 等待伺服器的回應時逾時
2025-10-10 04:01:35.733 [MQTT Ping: SeniorCarePlusBackend_Publisher_1759837572438] WARN  c.s.services.MqttService - MQTT發布連接丟失: 等待伺服器的回應時逾時
2025-10-10 04:01:37.148 [MQTT Ping: SeniorCarePlusBackend_Publisher_1759837574658] WARN  c.s.services.MqttService - MQTT發布連接丟失: 等待伺服器的回應時逾時
2025-10-10 04:01:37.321 [MQTT Ping: SeniorCarePlusBackend_Receiver_1759835063843] WARN  c.s.services.MqttService - MQTT連接丟失: 等待伺服器的回應時逾時
2025-10-10 04:01:49.340 [MQTT Ping: SeniorCarePlusBackend_Receiver_1759837586823] WARN  c.s.services.MqttService - MQTT連接丟失: 等待伺服器的回應時逾時
2025-10-10 04:01:37.373 [MQTT Ping: SeniorCarePlusBackend_Publisher_1759837255162] WARN  c.s.services.MqttService - MQTT發布連接丟失: 等待伺服器的回應時逾時
2025-10-10 04:01:38.621 [MQTT Ping: SeniorCarePlusBackend_Publisher_1759835063843] WARN  c.s.services.MqttService - MQTT發布連接丟失: 等待伺服器的回應時逾時
2025-10-10 04:01:38.628 [MQTT Ping: SeniorCarePlusBackend_Publisher_1759837575286] WARN  c.s.services.MqttService - MQTT發布連接丟失: 等待伺服器的回應時逾時
2025-10-10 04:01:39.444 [MQTT Ping: SeniorCarePlusBackend_Publisher_1759837576451] WARN  c.s.services.MqttService - MQTT發布連接丟失: 等待伺服器的回應時逾時
2025-10-10 04:01:39.445 [MQTT Ping: SeniorCarePlusBackend_Receiver_1759837257642] WARN  c.s.services.MqttService - MQTT連接丟失: 等待伺服器的回應時逾時
2025-10-10 04:01:49.340 [MQTT Ping: SeniorCarePlusBackend_Publisher_1759834166501] WARN  c.s.services.MqttService - MQTT發布連接丟失: 等待伺服器的回應時逾時
2025-10-10 04:01:39.453 [MQTT Ping: SeniorCarePlusBackend_Receiver_1759837577137] WARN  c.s.services.MqttService - MQTT連接丟失: 等待伺服器的回應時逾時
2025-10-10 04:01:39.453 [MQTT Ping: SeniorCarePlusBackend_Receiver_1759837577079] WARN  c.s.services.MqttService - MQTT連接丟失: 等待伺服器的回應時逾時
2025-10-10 04:01:40.427 [MQTT Ping: SeniorCarePlusBackend_Publisher_1759837577137] WARN  c.s.services.MqttService - MQTT發布連接丟失: 等待伺服器的回應時逾時
2025-10-10 04:01:49.762 [MQTT Ping: SeniorCarePlusBackend_Publisher_1759835074898] WARN  c.s.services.MqttService - MQTT發布連接丟失: 等待伺服器的回應時逾時
2025-10-10 04:01:40.510 [MQTT Rec: SeniorCarePlusBackend_Receiver_1759834166501] WARN  c.s.services.MqttService - MQTT連接丟失: 連線遺失
2025-10-10 04:01:40.746 [MQTT Rec: SeniorCarePlusBackend_Receiver_1759835073189] WARN  c.s.services.MqttService - MQTT連接丟失: 連線遺失
2025-10-10 04:01:40.868 [MQTT Ping: SeniorCarePlusBackend_Receiver_1759837578660] WARN  c.s.services.MqttService - MQTT連接丟失: 等待伺服器的回應時逾時
2025-10-10 04:01:41.171 [MQTT Ping: SeniorCarePlusBackend_Receiver_1759837578290] WARN  c.s.services.MqttService - MQTT連接丟失: 等待伺服器的回應時逾時
2025-10-10 04:01:41.187 [MQTT Ping: SeniorCarePlusBackend_Publisher_1759837578660] WARN  c.s.services.MqttService - MQTT發布連接丟失: 等待伺服器的回應時逾時
2025-10-10 04:01:41.415 [MQTT Ping: SeniorCarePlusBackend_Receiver_1759837578959] WARN  c.s.services.MqttService - MQTT連接丟失: 等待伺服器的回應時逾時
2025-10-10 04:01:41.424 [MQTT Rec: SeniorCarePlusBackend_Receiver_1759837266432] WARN  c.s.services.MqttService - MQTT連接丟失: 連線遺失
2025-10-10 04:01:41.705 [MQTT Rec: SeniorCarePlusBackend_Receiver_1759837264549] WARN  c.s.services.MqttService - MQTT連接丟失: 連線遺失
2025-10-10 04:01:41.741 [MQTT Ping: SeniorCarePlusBackend_Receiver_1759837259372] WARN  c.s.services.MqttService - MQTT連接丟失: 等待伺服器的回應時逾時
2025-10-10 04:01:41.742 [MQTT Ping: SeniorCarePlusBackend_Receiver_1759837579257] WARN  c.s.services.MqttService - MQTT連接丟失: 等待伺服器的回應時逾時
2025-10-10 04:01:41.842 [MQTT Ping: SeniorCarePlusBackend_Receiver_1759837579729] WARN  c.s.services.MqttService - MQTT連接丟失: 等待伺服器的回應時逾時
2025-10-10 04:01:50.201 [MQTT Ping: SeniorCarePlusBackend_Receiver_1759837268176] WARN  c.s.services.MqttService - MQTT連接丟失: 等待伺服器的回應時逾時
2025-10-10 04:01:42.048 [MQTT Ping: SeniorCarePlusBackend_Receiver_1759837579731] WARN  c.s.services.MqttService - MQTT連接丟失: 等待伺服器的回應時逾時
2025-10-10 04:01:50.460 [MQTT Ping: SeniorCarePlusBackend_Receiver_1759837268604] WARN  c.s.services.MqttService - MQTT連接丟失: 等待伺服器的回應時逾時
2025-10-10 04:01:50.208 [MQTT Ping: SeniorCarePlusBackend_Publisher_1759837268176] WARN  c.s.services.MqttService - MQTT發布連接丟失: 等待伺服器的回應時逾時
2025-10-10 04:01:42.065 [MQTT Ping: SeniorCarePlusBackend_Publisher_1759837259372] WARN  c.s.services.MqttService - MQTT發布連接丟失: 等待伺服器的回應時逾時
2025-10-10 04:01:50.472 [MQTT Ping: SeniorCarePlusBackend_Receiver_1759837588285] WARN  c.s.services.MqttService - MQTT連接丟失: 等待伺服器的回應時逾時
2025-10-10 04:01:42.616 [MQTT Ping: SeniorCarePlusBackend_Receiver_1759837260239] WARN  c.s.services.MqttService - MQTT連接丟失: 等待伺服器的回應時逾時
2025-10-10 04:01:42.692 [MQTT Rec: SeniorCarePlusBackend_Receiver_1759837264249] WARN  c.s.services.MqttService - MQTT連接丟失: 連線遺失
2025-10-10 04:01:42.742 [MQTT Ping: SeniorCarePlusBackend_Receiver_1759837260230] WARN  c.s.services.MqttService - MQTT連接丟失: 等待伺服器的回應時逾時
2025-10-10 04:01:42.742 [MQTT Ping: SeniorCarePlusBackend_Publisher_1759837579731] WARN  c.s.services.MqttService - MQTT發布連接丟失: 等待伺服器的回應時逾時
2025-10-10 04:01:42.743 [MQTT Ping: SeniorCarePlusBackend_Receiver_1759837580194] WARN  c.s.services.MqttService - MQTT連接丟失: 等待伺服器的回應時逾時
2025-10-10 04:01:42.826 [MQTT Ping: SeniorCarePlusBackend_Receiver_1759837580534] WARN  c.s.services.MqttService - MQTT連接丟失: 等待伺服器的回應時逾時
2025-10-10 04:01:51.559 [MQTT Ping: SeniorCarePlusBackend_Receiver_1759837588539] WARN  c.s.services.MqttService - MQTT連接丟失: 等待伺服器的回應時逾時
2025-10-10 04:01:42.911 [MQTT Ping: SeniorCarePlusBackend_Receiver_1759835068970] WARN  c.s.services.MqttService - MQTT連接丟失: 等待伺服器的回應時逾時
2025-10-10 04:01:42.962 [MQTT Rec: SeniorCarePlusBackend_Receiver_1759835074898] WARN  c.s.services.MqttService - MQTT連接丟失: 連線遺失
2025-10-10 04:01:42.962 [MQTT Rec: SeniorCarePlusBackend_Receiver_1759837265923] WARN  c.s.services.MqttService - MQTT連接丟失: 連線遺失
2025-10-10 04:01:43.158 [MQTT Ping: SeniorCarePlusBackend_Publisher_1759837580563] WARN  c.s.services.MqttService - MQTT發布連接丟失: 等待伺服器的回應時逾時
2025-10-10 04:01:43.160 [MQTT Ping: SeniorCarePlusBackend_Receiver_1759837580563] WARN  c.s.services.MqttService - MQTT連接丟失: 等待伺服器的回應時逾時
2025-10-10 04:01:43.166 [MQTT Ping: SeniorCarePlusBackend_Publisher_1759837580194] WARN  c.s.services.MqttService - MQTT發布連接丟失: 等待伺服器的回應時逾時
2025-10-10 04:01:43.168 [MQTT Ping: SeniorCarePlusBackend_Publisher_1759824283352] WARN  c.s.services.MqttService - MQTT發布連接丟失: 等待伺服器的回應時逾時
2025-10-10 04:01:43.203 [MQTT Rec: SeniorCarePlusBackend_Receiver_1759834165254] WARN  c.s.services.MqttService - MQTT連接丟失: 連線遺失
2025-10-10 04:01:43.270 [MQTT Rec: SeniorCarePlusBackend_Receiver_1759837584173] WARN  c.s.services.MqttService - MQTT連接丟失: 連線遺失
2025-10-10 04:01:52.347 [MQTT Ping: SeniorCarePlusBackend_Receiver_1759837589392] WARN  c.s.services.MqttService - MQTT連接丟失: 等待伺服器的回應時逾時
2025-10-10 04:01:43.349 [MQTT Ping: SeniorCarePlusBackend_Receiver_1759837260702] WARN  c.s.services.MqttService - MQTT連接丟失: 等待伺服器的回應時逾時
2025-10-10 04:01:51.563 [MQTT Ping: SeniorCarePlusBackend_Receiver_1759837588543] WARN  c.s.services.MqttService - MQTT連接丟失: 等待伺服器的回應時逾時
2025-10-10 04:01:52.347 [MQTT Ping: SeniorCarePlusBackend_Receiver_1759837589715] WARN  c.s.services.MqttService - MQTT連接丟失: 等待伺服器的回應時逾時
2025-10-10 04:01:43.775 [MQTT Rec: SeniorCarePlusBackend_Receiver_1759837584534] WARN  c.s.services.MqttService - MQTT連接丟失: 連線遺失
2025-10-10 04:01:43.812 [MQTT Ping: SeniorCarePlusBackend_Publisher_1759837581189] WARN  c.s.services.MqttService - MQTT發布連接丟失: 等待伺服器的回應時逾時
2025-10-10 04:01:43.963 [MQTT Ping: SeniorCarePlusBackend_Publisher_1759833081541] WARN  c.s.services.MqttService - MQTT發布連接丟失: 等待伺服器的回應時逾時
2025-10-10 04:01:52.346 [MQTT Ping: SeniorCarePlusBackend_Receiver_1759837270019] WARN  c.s.services.MqttService - MQTT連接丟失: 等待伺服器的回應時逾時
2025-10-10 04:01:43.967 [MQTT Ping: SeniorCarePlusBackend_Receiver_1759834160878] WARN  c.s.services.MqttService - MQTT連接丟失: 等待伺服器的回應時逾時
2025-10-10 04:01:52.365 [MQTT Ping: SeniorCarePlusBackend_Receiver_1759837269700] WARN  c.s.services.MqttService - MQTT連接丟失: 等待伺服器的回應時逾時
2025-10-10 04:01:44.023 [MQTT Ping: SeniorCarePlusBackend_Receiver_1759835069800] WARN  c.s.services.MqttService - MQTT連接丟失: 等待伺服器的回應時逾時
2025-10-10 04:01:44.025 [MQTT Ping: SeniorCarePlusBackend_Publisher_1759837261081] WARN  c.s.services.MqttService - MQTT發布連接丟失: 等待伺服器的回應時逾時
2025-10-10 04:01:44.747 [MQTT Ping: SeniorCarePlusBackend_Publisher_1759834160878] WARN  c.s.services.MqttService - MQTT發布連接丟失: 等待伺服器的回應時逾時
2025-10-10 04:01:44.747 [MQTT Ping: SeniorCarePlusBackend_Publisher_1759835069800] WARN  c.s.services.MqttService - MQTT發布連接丟失: 等待伺服器的回應時逾時
2025-10-10 04:01:44.748 [MQTT Ping: SeniorCarePlusBackend_Receiver_1759837261081] WARN  c.s.services.MqttService - MQTT連接丟失: 等待伺服器的回應時逾時
2025-10-10 04:01:44.876 [MQTT Rec: SeniorCarePlusBackend_Publisher_1759835084828] WARN  c.s.services.MqttService - MQTT發布連接丟失: 連線遺失
2025-10-10 04:01:46.006 [MQTT Ping: SeniorCarePlusBackend_Receiver_1759837583398] WARN  c.s.services.MqttService - MQTT連接丟失: 等待伺服器的回應時逾時
2025-10-10 04:01:52.581 [MQTT Ping: SeniorCarePlusBackend_Receiver_1759835078434] WARN  c.s.services.MqttService - MQTT連接丟失: 等待伺服器的回應時逾時
2025-10-10 04:01:46.071 [MQTT Ping: SeniorCarePlusBackend_Publisher_1759837513474] WARN  c.s.services.MqttService - MQTT發布連接丟失: 等待伺服器的回應時逾時
2025-10-10 04:01:46.568 [MQTT Ping: SeniorCarePlusBackend_Receiver_1759837584159] WARN  c.s.services.MqttService - MQTT連接丟失: 等待伺服器的回應時逾時
2025-10-10 04:01:47.612 [MQTT Ping: SeniorCarePlusBackend_Receiver_1759833091826] WARN  c.s.services.MqttService - MQTT連接丟失: 等待伺服器的回應時逾時
2025-10-10 04:01:47.882 [MQTT Ping: SeniorCarePlusBackend_Receiver_1759837265965] WARN  c.s.services.MqttService - MQTT連接丟失: 等待伺服器的回應時逾時
2025-10-10 04:01:52.581 [MQTT Ping: SeniorCarePlusBackend_Receiver_1759837269842] WARN  c.s.services.MqttService - MQTT連接丟失: 等待伺服器的回應時逾時
2025-10-10 04:01:47.896 [MQTT Ping: SeniorCarePlusBackend_Publisher_1759837266432] WARN  c.s.services.MqttService - MQTT發布連接丟失: 等待伺服器的回應時逾時
2025-10-10 04:01:48.006 [MQTT Ping: SeniorCarePlusBackend_Publisher_1759835074577] WARN  c.s.services.MqttService - MQTT發布連接丟失: 等待伺服器的回應時逾時
2025-10-10 04:01:47.906 [MQTT Ping: SeniorCarePlusBackend_Publisher_1759837585766] WARN  c.s.services.MqttService - MQTT發布連接丟失: 等待伺服器的回應時逾時
2025-10-10 04:01:48.476 [MQTT Ping: SeniorCarePlusBackend_Receiver_1759837586463] WARN  c.s.services.MqttService - MQTT連接丟失: 等待伺服器的回應時逾時
2025-10-10 04:01:49.206 [MQTT Ping: SeniorCarePlusBackend_Publisher_1759837586463] WARN  c.s.services.MqttService - MQTT發布連接丟失: 等待伺服器的回應時逾時
2025-10-10 04:01:49.503 [MQTT Rec: SeniorCarePlusBackend_Publisher_1759837597644] WARN  c.s.services.MqttService - MQTT發布連接丟失: 連線遺失
2025-10-10 04:01:52.586 [MQTT Ping: SeniorCarePlusBackend_Receiver_1759837590272] WARN  c.s.services.MqttService - MQTT連接丟失: 等待伺服器的回應時逾時
2025-10-10 04:01:49.805 [MQTT Ping: SeniorCarePlusBackend_Publisher_1759837586823] WARN  c.s.services.MqttService - MQTT發布連接丟失: 等待伺服器的回應時逾時
2025-10-10 04:01:50.215 [MQTT Ping: SeniorCarePlusBackend_Receiver_1759835076831] WARN  c.s.services.MqttService - MQTT連接丟失: 等待伺服器的回應時逾時
2025-10-10 04:01:50.439 [MQTT Ping: SeniorCarePlusBackend_Publisher_1759837268604] WARN  c.s.services.MqttService - MQTT發布連接丟失: 等待伺服器的回應時逾時
2025-10-10 04:01:52.587 [MQTT Ping: SeniorCarePlusBackend_Receiver_1759837590246] WARN  c.s.services.MqttService - MQTT連接丟失: 等待伺服器的回應時逾時
2025-10-10 04:01:51.557 [MQTT Ping: SeniorCarePlusBackend_Publisher_1759837588539] WARN  c.s.services.MqttService - MQTT發布連接丟失: 等待伺服器的回應時逾時
2025-10-10 04:01:52.350 [MQTT Ping: SeniorCarePlusBackend_Receiver_1759837589325] WARN  c.s.services.MqttService - MQTT連接丟失: 等待伺服器的回應時逾時
2025-10-10 04:01:52.580 [MQTT Ping: SeniorCarePlusBackend_Receiver_1759837589970] WARN  c.s.services.MqttService - MQTT連接丟失: 等待伺服器的回應時逾時
2025-10-10 04:01:52.581 [MQTT Ping: SeniorCarePlusBackend_Publisher_1759835078520] WARN  c.s.services.MqttService - MQTT發布連接丟失: 等待伺服器的回應時逾時
2025-10-10 04:01:52.583 [MQTT Ping: SeniorCarePlusBackend_Receiver_1759837589430] WARN  c.s.services.MqttService - MQTT連接丟失: 等待伺服器的回應時逾時
2025-10-10 04:01:52.586 [MQTT Ping: SeniorCarePlusBackend_Receiver_1759837269880] WARN  c.s.services.MqttService - MQTT連接丟失: 等待伺服器的回應時逾時
2025-10-10 04:01:52.589 [MQTT Ping: SeniorCarePlusBackend_Publisher_1759837270237] WARN  c.s.services.MqttService - MQTT發布連接丟失: 等待伺服器的回應時逾時
2025-10-10 04:01:52.589 [MQTT Ping: SeniorCarePlusBackend_Receiver_1759837270237] WARN  c.s.services.MqttService - MQTT連接丟失: 等待伺服器的回應時逾時
2025-10-10 04:01:52.599 [MQTT Ping: SeniorCarePlusBackend_Publisher_1759837270019] WARN  c.s.services.MqttService - MQTT發布連接丟失: 等待伺服器的回應時逾時
2025-10-10 04:01:52.593 [MQTT Ping: SeniorCarePlusBackend_Receiver_1759837589567] WARN  c.s.services.MqttService - MQTT連接丟失: 等待伺服器的回應時逾時
2025-10-10 04:01:52.599 [MQTT Ping: SeniorCarePlusBackend_Publisher_1759837589970] WARN  c.s.services.MqttService - MQTT發布連接丟失: 等待伺服器的回應時逾時
2025-10-10 04:01:52.601 [MQTT Ping: SeniorCarePlusBackend_Receiver_1759837589721] WARN  c.s.services.MqttService - MQTT連接丟失: 等待伺服器的回應時逾時
2025-10-10 04:01:52.615 [MQTT Ping: SeniorCarePlusBackend_Receiver_1759835078520] WARN  c.s.services.MqttService - MQTT連接丟失: 等待伺服器的回應時逾時
2025-10-10 04:01:52.951 [MQTT Ping: SeniorCarePlusBackend_Receiver_1759837271304] WARN  c.s.services.MqttService - MQTT連接丟失: 等待伺服器的回應時逾時
2025-10-10 04:01:52.953 [MQTT Ping: SeniorCarePlusBackend_Receiver_1759837590398] WARN  c.s.services.MqttService - MQTT連接丟失: 等待伺服器的回應時逾時
2025-10-10 04:01:53.347 [MQTT Ping: SeniorCarePlusBackend_Receiver_1759835079820] WARN  c.s.services.MqttService - MQTT連接丟失: 等待伺服器的回應時逾時
2025-10-10 04:01:53.348 [MQTT Ping: SeniorCarePlusBackend_Publisher_1759837590805] WARN  c.s.services.MqttService - MQTT發布連接丟失: 等待伺服器的回應時逾時
2025-10-10 04:01:53.348 [MQTT Ping: SeniorCarePlusBackend_Receiver_1759837271501] WARN  c.s.services.MqttService - MQTT連接丟失: 等待伺服器的回應時逾時
2025-10-10 04:01:53.350 [MQTT Ping: SeniorCarePlusBackend_Receiver_1759837590805] WARN  c.s.services.MqttService - MQTT連接丟失: 等待伺服器的回應時逾時
2025-10-10 04:01:53.359 [MQTT Ping: SeniorCarePlusBackend_Publisher_1759837271501] WARN  c.s.services.MqttService - MQTT發布連接丟失: 等待伺服器的回應時逾時
2025-10-10 04:01:53.796 [MQTT Ping: SeniorCarePlusBackend_Publisher_1759837591310] WARN  c.s.services.MqttService - MQTT發布連接丟失: 等待伺服器的回應時逾時
2025-10-10 04:01:53.813 [MQTT Ping: SeniorCarePlusBackend_Receiver_1759837591310] WARN  c.s.services.MqttService - MQTT連接丟失: 等待伺服器的回應時逾時
2025-10-10 04:01:53.864 [MQTT Ping: SeniorCarePlusBackend_Receiver_1759834170854] WARN  c.s.services.MqttService - MQTT連接丟失: 等待伺服器的回應時逾時
2025-10-10 04:01:54.351 [MQTT Ping: SeniorCarePlusBackend_Receiver_1759837591659] WARN  c.s.services.MqttService - MQTT連接丟失: 等待伺服器的回應時逾時
2025-10-10 04:01:54.354 [MQTT Ping: SeniorCarePlusBackend_Publisher_1759837591659] WARN  c.s.services.MqttService - MQTT發布連接丟失: 等待伺服器的回應時逾時
2025-10-10 04:01:54.762 [MQTT Ping: SeniorCarePlusBackend_Receiver_1759837591773] WARN  c.s.services.MqttService - MQTT連接丟失: 等待伺服器的回應時逾時
2025-10-10 04:01:54.763 [MQTT Ping: SeniorCarePlusBackend_Publisher_1759837592097] WARN  c.s.services.MqttService - MQTT發布連接丟失: 等待伺服器的回應時逾時
2025-10-10 04:01:54.763 [MQTT Ping: SeniorCarePlusBackend_Receiver_1759837592097] WARN  c.s.services.MqttService - MQTT連接丟失: 等待伺服器的回應時逾時
2025-10-10 04:01:54.766 [MQTT Ping: SeniorCarePlusBackend_Publisher_1759837591773] WARN  c.s.services.MqttService - MQTT發布連接丟失: 等待伺服器的回應時逾時
2025-10-10 04:01:54.771 [MQTT Ping: SeniorCarePlusBackend_Receiver_1759837272283] WARN  c.s.services.MqttService - MQTT連接丟失: 等待伺服器的回應時逾時
2025-10-10 04:01:54.985 [MQTT Ping: SeniorCarePlusBackend_Receiver_1759837592212] WARN  c.s.services.MqttService - MQTT連接丟失: 等待伺服器的回應時逾時
2025-10-10 04:01:54.977 [MQTT Ping: SeniorCarePlusBackend_Publisher_1759837272283] WARN  c.s.services.MqttService - MQTT發布連接丟失: 等待伺服器的回應時逾時
2025-10-10 04:01:55.487 [MQTT Ping: SeniorCarePlusBackend_Publisher_1759837592212] WARN  c.s.services.MqttService - MQTT發布連接丟失: 等待伺服器的回應時逾時
2025-10-10 04:01:55.494 [MQTT Ping: SeniorCarePlusBackend_Receiver_1759837273795] WARN  c.s.services.MqttService - MQTT連接丟失: 等待伺服器的回應時逾時
2025-10-10 04:01:55.498 [MQTT Ping: SeniorCarePlusBackend_Receiver_1759837273718] WARN  c.s.services.MqttService - MQTT連接丟失: 等待伺服器的回應時逾時
2025-10-10 04:01:55.500 [MQTT Ping: SeniorCarePlusBackend_Receiver_1759837593180] WARN  c.s.services.MqttService - MQTT連接丟失: 等待伺服器的回應時逾時
2025-10-10 04:01:55.515 [MQTT Ping: SeniorCarePlusBackend_Publisher_1759835079820] WARN  c.s.services.MqttService - MQTT發布連接丟失: 等待伺服器的回應時逾時
2025-10-10 04:01:55.516 [MQTT Ping: SeniorCarePlusBackend_Receiver_1759837593207] WARN  c.s.services.MqttService - MQTT連接丟失: 等待伺服器的回應時逾時
2025-10-10 04:01:55.985 [MQTT Ping: SeniorCarePlusBackend_Receiver_1759837593794] WARN  c.s.services.MqttService - MQTT連接丟失: 等待伺服器的回應時逾時
2025-10-10 04:01:55.994 [MQTT Ping: SeniorCarePlusBackend_Publisher_1759837273977] WARN  c.s.services.MqttService - MQTT發布連接丟失: 等待伺服器的回應時逾時
2025-10-10 04:01:55.998 [MQTT Ping: SeniorCarePlusBackend_Publisher_1759837593467] WARN  c.s.services.MqttService - MQTT發布連接丟失: 等待伺服器的回應時逾時
2025-10-10 04:01:55.998 [MQTT Ping: SeniorCarePlusBackend_Receiver_1759837593285] WARN  c.s.services.MqttService - MQTT連接丟失: 等待伺服器的回應時逾時
2025-10-10 04:01:56.025 [MQTT Ping: SeniorCarePlusBackend_Receiver_1759837593668] WARN  c.s.services.MqttService - MQTT連接丟失: 等待伺服器的回應時逾時
2025-10-10 04:01:56.029 [MQTT Ping: SeniorCarePlusBackend_Receiver_1759837273977] WARN  c.s.services.MqttService - MQTT連接丟失: 等待伺服器的回應時逾時
2025-10-10 04:01:56.034 [MQTT Ping: SeniorCarePlusBackend_Publisher_1759837593368] WARN  c.s.services.MqttService - MQTT發布連接丟失: 等待伺服器的回應時逾時
2025-10-10 04:01:56.029 [MQTT Ping: SeniorCarePlusBackend_Receiver_1759837593368] WARN  c.s.services.MqttService - MQTT連接丟失: 等待伺服器的回應時逾時
2025-10-10 04:01:56.034 [MQTT Ping: SeniorCarePlusBackend_Publisher_1759837593794] WARN  c.s.services.MqttService - MQTT發布連接丟失: 等待伺服器的回應時逾時
2025-10-10 04:01:56.041 [MQTT Ping: SeniorCarePlusBackend_Receiver_1759837593467] WARN  c.s.services.MqttService - MQTT連接丟失: 等待伺服器的回應時逾時
2025-10-10 04:20:27.298 [MQTT Rec: SeniorCarePlusBackend_Receiver_1759837282742] WARN  c.s.services.MqttService - MQTT連接丟失: 連線遺失
2025-10-10 04:20:29.153 [MQTT Rec: SeniorCarePlusBackend_Publisher_1759837483514] WARN  c.s.services.MqttService - MQTT發布連接丟失: 連線遺失
2025-10-10 04:20:30.731 [MQTT Rec: SeniorCarePlusBackend_Publisher_1759833091826] WARN  c.s.services.MqttService - MQTT發布連接丟失: 連線遺失
2025-10-10 04:20:31.858 [MQTT Rec: SeniorCarePlusBackend_Receiver_1759837487932] WARN  c.s.services.MqttService - MQTT連接丟失: 連線遺失
2025-10-10 04:20:33.514 [MQTT Rec: SeniorCarePlusBackend_Publisher_1759837487932] WARN  c.s.services.MqttService - MQTT發布連接丟失: 連線遺失
2025-10-10 04:20:36.592 [MQTT Rec: SeniorCarePlusBackend_Receiver_1759835042870] WARN  c.s.services.MqttService - MQTT連接丟失: 連線遺失
2025-10-10 04:20:36.925 [MQTT Rec: SeniorCarePlusBackend_Receiver_1759824283351] WARN  c.s.services.MqttService - MQTT連接丟失: 連線遺失
2025-10-10 04:20:37.617 [MQTT Rec: SeniorCarePlusBackend_Receiver_1759834136198] WARN  c.s.services.MqttService - MQTT連接丟失: 連線遺失
2025-10-10 04:20:38.351 [MQTT Rec: SeniorCarePlusBackend_Publisher_1759837490868] WARN  c.s.services.MqttService - MQTT發布連接丟失: 連線遺失
2025-10-10 04:20:38.515 [MQTT Rec: SeniorCarePlusBackend_Receiver_1759832072339] WARN  c.s.services.MqttService - MQTT連接丟失: 連線遺失
2025-10-15 19:32:09.909 [MQTT Rec: SeniorCarePlusBackend_Receiver_1759837593913] WARN  c.s.services.MqttService - MQTT連接丟失: 連線遺失
2025-10-15 19:32:09.909 [MQTT Rec: SeniorCarePlusBackend_Receiver_1759837594186] WARN  c.s.services.MqttService - MQTT連接丟失: 連線遺失
2025-10-15 19:32:09.910 [MQTT Rec: SeniorCarePlusBackend_Receiver_1759835049804] WARN  c.s.services.MqttService - MQTT連接丟失: 連線遺失
2025-10-15 19:32:09.910 [MQTT Rec: SeniorCarePlusBackend_Publisher_1759835042870] WARN  c.s.services.MqttService - MQTT發布連接丟失: 連線遺失
2025-10-15 19:32:09.910 [MQTT Rec: SeniorCarePlusBackend_Publisher_1759835089865] WARN  c.s.services.MqttService - MQTT發布連接丟失: 連線遺失
2025-10-15 19:32:09.910 [MQTT Rec: SeniorCarePlusBackend_Receiver_1759837497301] WARN  c.s.services.MqttService - MQTT連接丟失: 連線遺失
2025-10-15 19:32:09.910 [MQTT Rec: SeniorCarePlusBackend_Receiver_1759837497605] WARN  c.s.services.MqttService - MQTT連接丟失: 連線遺失
2025-10-15 19:32:09.910 [MQTT Rec: SeniorCarePlusBackend_Publisher_1759837606596] WARN  c.s.services.MqttService - MQTT發布連接丟失: 連線遺失
2025-10-15 19:32:09.911 [MQTT Rec: SeniorCarePlusBackend_Receiver_1759837605289] WARN  c.s.services.MqttService - MQTT連接丟失: 連線遺失
2025-10-15 19:32:09.911 [MQTT Rec: SeniorCarePlusBackend_Publisher_1759837282742] WARN  c.s.services.MqttService - MQTT發布連接丟失: 連線遺失
2025-10-15 19:32:09.911 [MQTT Rec: SeniorCarePlusBackend_Publisher_1759837603216] WARN  c.s.services.MqttService - MQTT發布連接丟失: 連線遺失
2025-10-15 19:32:09.912 [MQTT Rec: SeniorCarePlusBackend_Publisher_1759837602229] WARN  c.s.services.MqttService - MQTT發布連接丟失: 連線遺失
2025-10-15 19:32:09.912 [DefaultDispatcher-worker-2] ERROR c.s.services.MqttService - 發送位置數據給App失敗: 用戶端未連接
2025-10-15 19:32:09.912 [MQTT Rec: SeniorCarePlusBackend_Publisher_1759837601277] WARN  c.s.services.MqttService - MQTT發布連接丟失: 連線遺失
2025-10-15 19:32:09.912 [MQTT Rec: SeniorCarePlusBackend_Receiver_1759837601277] WARN  c.s.services.MqttService - MQTT連接丟失: 連線遺失
2025-10-15 19:32:09.912 [MQTT Rec: SeniorCarePlusBackend_Receiver_1759837600734] WARN  c.s.services.MqttService - MQTT連接丟失: 連線遺失
2025-10-15 19:32:09.913 [MQTT Rec: SeniorCarePlusBackend_Receiver_1759837281174] WARN  c.s.services.MqttService - MQTT連接丟失: 連線遺失
2025-10-15 19:32:09.913 [DefaultDispatcher-worker-10] INFO  c.s.services.MqttService - UWB位置數據 - 標籤ID: 53397 (0xD095), 位置: (1.52, -1.35, 1.36), 品質: 68
2025-10-15 19:32:09.912 [DefaultDispatcher-worker-12] WARN  Exposed - Transaction attempt #0 failed: Database is already closed (to disable automatic closing at VM shutdown, add ";DB_CLOSE_ON_EXIT=FALSE" to the db URL) [90121-224]. Statement(s): null
org.h2.jdbc.JdbcSQLNonTransientConnectionException: Database is already closed (to disable automatic closing at VM shutdown, add ";DB_CLOSE_ON_EXIT=FALSE" to the db URL) [90121-224]
	at org.h2.message.DbException.getJdbcSQLException(DbException.java:690)
	at org.h2.message.DbException.getJdbcSQLException(DbException.java:489)
	at org.h2.message.DbException.get(DbException.java:223)
	at org.h2.message.DbException.get(DbException.java:199)
	at org.h2.message.DbException.get(DbException.java:188)
	at org.h2.jdbc.JdbcConnection.checkClosed(JdbcConnection.java:1425)
	at org.h2.jdbc.JdbcConnection.commit(JdbcConnection.java:486)
	at org.jetbrains.exposed.sql.statements.jdbc.JdbcConnectionImpl.commit(JdbcConnectionImpl.kt:30)
	at org.jetbrains.exposed.sql.transactions.ThreadLocalTransactionManager$ThreadLocalTransaction.commit(ThreadLocalTransactionManager.kt:115)
	at org.jetbrains.exposed.sql.Transaction.commit(Transaction.kt:88)
	at org.jetbrains.exposed.sql.transactions.ThreadLocalTransactionManagerKt.inTopLevelTransaction$run(ThreadLocalTransactionManager.kt:237)
	at org.jetbrains.exposed.sql.transactions.ThreadLocalTransactionManagerKt.access$inTopLevelTransaction$run(ThreadLocalTransactionManager.kt:1)
	at org.jetbrains.exposed.sql.transactions.ThreadLocalTransactionManagerKt$inTopLevelTransaction$1.invoke(ThreadLocalTransactionManager.kt:283)
	at org.jetbrains.exposed.sql.transactions.ThreadLocalTransactionManagerKt.keepAndRestoreTransactionRefAfterRun(ThreadLocalTransactionManager.kt:291)
	at org.jetbrains.exposed.sql.transactions.ThreadLocalTransactionManagerKt.inTopLevelTransaction(ThreadLocalTransactionManager.kt:282)
	at org.jetbrains.exposed.sql.transactions.ThreadLocalTransactionManagerKt$transaction$1.invoke(ThreadLocalTransactionManager.kt:204)
	at org.jetbrains.exposed.sql.transactions.ThreadLocalTransactionManagerKt.keepAndRestoreTransactionRefAfterRun(ThreadLocalTransactionManager.kt:291)
	at org.jetbrains.exposed.sql.transactions.ThreadLocalTransactionManagerKt.transaction(ThreadLocalTransactionManager.kt:174)
	at org.jetbrains.exposed.sql.transactions.ThreadLocalTransactionManagerKt.transaction(ThreadLocalTransactionManager.kt:162)
	at org.jetbrains.exposed.sql.transactions.ThreadLocalTransactionManagerKt.transaction$default(ThreadLocalTransactionManager.kt:161)
	at com.seniorcareplus.services.MqttService.processLocationData(MqttService.kt:352)
	at com.seniorcareplus.services.MqttService.processMessage(MqttService.kt:214)
	at com.seniorcareplus.services.MqttService.access$processMessage(MqttService.kt:30)
	at com.seniorcareplus.services.MqttService$connect$2$messageArrived$1.invokeSuspend(MqttService.kt:136)
	at kotlin.coroutines.jvm.internal.BaseContinuationImpl.resumeWith(ContinuationImpl.kt:33)
	at kotlinx.coroutines.DispatchedTask.run(DispatchedTask.kt:108)
	at kotlinx.coroutines.scheduling.CoroutineScheduler.runSafely(CoroutineScheduler.kt:584)
	at kotlinx.coroutines.scheduling.CoroutineScheduler$Worker.executeTask(CoroutineScheduler.kt:793)
	at kotlinx.coroutines.scheduling.CoroutineScheduler$Worker.runWorker(CoroutineScheduler.kt:697)
	at kotlinx.coroutines.scheduling.CoroutineScheduler$Worker.run(CoroutineScheduler.kt:684)
2025-10-15 19:32:09.913 [DefaultDispatcher-worker-8] WARN  Exposed - Transaction attempt #0 failed: Database is already closed (to disable automatic closing at VM shutdown, add ";DB_CLOSE_ON_EXIT=FALSE" to the db URL) [90121-224]. Statement(s): null
org.h2.jdbc.JdbcSQLNonTransientConnectionException: Database is already closed (to disable automatic closing at VM shutdown, add ";DB_CLOSE_ON_EXIT=FALSE" to the db URL) [90121-224]
	at org.h2.message.DbException.getJdbcSQLException(DbException.java:690)
	at org.h2.message.DbException.getJdbcSQLException(DbException.java:489)
	at org.h2.message.DbException.get(DbException.java:223)
	at org.h2.message.DbException.get(DbException.java:199)
	at org.h2.message.DbException.get(DbException.java:188)
	at org.h2.jdbc.JdbcConnection.checkClosed(JdbcConnection.java:1425)
	at org.h2.jdbc.JdbcConnection.commit(JdbcConnection.java:486)
	at org.jetbrains.exposed.sql.statements.jdbc.JdbcConnectionImpl.commit(JdbcConnectionImpl.kt:30)
	at org.jetbrains.exposed.sql.transactions.ThreadLocalTransactionManager$ThreadLocalTransaction.commit(ThreadLocalTransactionManager.kt:115)
	at org.jetbrains.exposed.sql.Transaction.commit(Transaction.kt:88)
	at org.jetbrains.exposed.sql.transactions.ThreadLocalTransactionManagerKt.inTopLevelTransaction$run(ThreadLocalTransactionManager.kt:237)
	at org.jetbrains.exposed.sql.transactions.ThreadLocalTransactionManagerKt.access$inTopLevelTransaction$run(ThreadLocalTransactionManager.kt:1)
	at org.jetbrains.exposed.sql.transactions.ThreadLocalTransactionManagerKt$inTopLevelTransaction$1.invoke(ThreadLocalTransactionManager.kt:283)
	at org.jetbrains.exposed.sql.transactions.ThreadLocalTransactionManagerKt.keepAndRestoreTransactionRefAfterRun(ThreadLocalTransactionManager.kt:291)
	at org.jetbrains.exposed.sql.transactions.ThreadLocalTransactionManagerKt.inTopLevelTransaction(ThreadLocalTransactionManager.kt:282)
	at org.jetbrains.exposed.sql.transactions.ThreadLocalTransactionManagerKt$transaction$1.invoke(ThreadLocalTransactionManager.kt:204)
	at org.jetbrains.exposed.sql.transactions.ThreadLocalTransactionManagerKt.keepAndRestoreTransactionRefAfterRun(ThreadLocalTransactionManager.kt:291)
	at org.jetbrains.exposed.sql.transactions.ThreadLocalTransactionManagerKt.transaction(ThreadLocalTransactionManager.kt:174)
	at org.jetbrains.exposed.sql.transactions.ThreadLocalTransactionManagerKt.transaction(ThreadLocalTransactionManager.kt:162)
	at org.jetbrains.exposed.sql.transactions.ThreadLocalTransactionManagerKt.transaction$default(ThreadLocalTransactionManager.kt:161)
	at com.seniorcareplus.services.MqttService.processLocationData(MqttService.kt:352)
	at com.seniorcareplus.services.MqttService.processMessage(MqttService.kt:214)
	at com.seniorcareplus.services.MqttService.access$processMessage(MqttService.kt:30)
	at com.seniorcareplus.services.MqttService$connect$2$messageArrived$1.invokeSuspend(MqttService.kt:136)
	at kotlin.coroutines.jvm.internal.BaseContinuationImpl.resumeWith(ContinuationImpl.kt:33)
	at kotlinx.coroutines.DispatchedTask.run(DispatchedTask.kt:108)
	at kotlinx.coroutines.scheduling.CoroutineScheduler.runSafely(CoroutineScheduler.kt:584)
	at kotlinx.coroutines.scheduling.CoroutineScheduler$Worker.executeTask(CoroutineScheduler.kt:793)
	at kotlinx.coroutines.scheduling.CoroutineScheduler$Worker.runWorker(CoroutineScheduler.kt:697)
	at kotlinx.coroutines.scheduling.CoroutineScheduler$Worker.run(CoroutineScheduler.kt:684)
2025-10-15 19:32:09.927 [DefaultDispatcher-worker-12] WARN  Exposed - Wait 0 milliseconds before retrying
2025-10-15 19:32:09.927 [DefaultDispatcher-worker-8] WARN  Exposed - Wait 0 milliseconds before retrying
2025-10-15 19:32:09.913 [MQTT Rec: SeniorCarePlusBackend_Receiver_1759837599892] WARN  c.s.services.MqttService - MQTT連接丟失: 連線遺失
2025-10-15 19:32:09.913 [DefaultDispatcher-worker-6] INFO  c.s.services.MqttService - UWB位置數據 - 標籤ID: 53397 (0xD095), 位置: (1.52, -1.35, 1.36), 品質: 68
2025-10-15 19:32:09.913 [DefaultDispatcher-worker-1] INFO  c.s.services.MqttService - UWB位置數據 - 標籤ID: 53397 (0xD095), 位置: (1.52, -1.35, 1.36), 品質: 68
2025-10-15 19:32:09.913 [DefaultDispatcher-worker-7] INFO  c.s.services.MqttService - UWB位置數據 - 標籤ID: 53397 (0xD095), 位置: (1.52, -1.35, 1.36), 品質: 68
2025-10-15 19:32:09.913 [MQTT Rec: SeniorCarePlusBackend_Publisher_1759837277785] WARN  c.s.services.MqttService - MQTT發布連接丟失: 連線遺失
2025-10-15 19:32:09.914 [MQTT Rec: SeniorCarePlusBackend_Receiver_1759837597644] WARN  c.s.services.MqttService - MQTT連接丟失: 連線遺失
2025-10-15 19:32:09.914 [MQTT Rec: SeniorCarePlusBackend_Receiver_1759837597464] WARN  c.s.services.MqttService - MQTT連接丟失: 連線遺失
2025-10-15 19:32:09.914 [MQTT Rec: SeniorCarePlusBackend_Receiver_1759835084828] WARN  c.s.services.MqttService - MQTT連接丟失: 連線遺失
2025-10-15 19:32:09.914 [MQTT Rec: SeniorCarePlusBackend_Receiver_1759837277785] WARN  c.s.services.MqttService - MQTT連接丟失: 連線遺失
2025-10-15 19:32:09.914 [MQTT Rec: SeniorCarePlusBackend_Publisher_1759837276121] WARN  c.s.services.MqttService - MQTT發布連接丟失: 連線遺失
2025-10-15 19:32:09.914 [MQTT Rec: SeniorCarePlusBackend_Publisher_1759837596656] WARN  c.s.services.MqttService - MQTT發布連接丟失: 連線遺失
2025-10-15 19:32:09.915 [MQTT Rec: SeniorCarePlusBackend_Receiver_1759837596656] WARN  c.s.services.MqttService - MQTT連接丟失: 連線遺失
2025-10-15 19:32:09.915 [MQTT Rec: SeniorCarePlusBackend_Receiver_1759837595768] WARN  c.s.services.MqttService - MQTT連接丟失: 連線遺失
2025-10-15 19:32:09.915 [MQTT Rec: SeniorCarePlusBackend_Publisher_1759837595618] WARN  c.s.services.MqttService - MQTT發布連接丟失: 連線遺失
2025-10-15 19:32:09.915 [MQTT Rec: SeniorCarePlusBackend_Publisher_1759837594186] WARN  c.s.services.MqttService - MQTT發布連接丟失: 連線遺失
2025-10-15 19:32:09.915 [MQTT Rec: SeniorCarePlusBackend_Receiver_1759837595079] WARN  c.s.services.MqttService - MQTT連接丟失: 連線遺失
2025-10-15 19:32:09.915 [MQTT Rec: SeniorCarePlusBackend_Receiver_1759837595087] WARN  c.s.services.MqttService - MQTT連接丟失: 連線遺失
2025-10-15 19:32:09.915 [MQTT Rec: SeniorCarePlusBackend_Publisher_1759837604673] WARN  c.s.services.MqttService - MQTT發布連接丟失: 連線遺失
2025-10-15 19:32:09.915 [MQTT Rec: SeniorCarePlusBackend_Publisher_1759834136198] WARN  c.s.services.MqttService - MQTT發布連接丟失: 連線遺失
2025-10-15 19:32:09.964 [DefaultDispatcher-worker-5] INFO  c.s.services.MqttService - 位置數據已存儲到數據庫 - 患者ID: 1, 標籤: 0x06EA
2025-10-15 19:32:09.964 [DefaultDispatcher-worker-10] INFO  c.s.services.MqttService - 位置數據已存儲到數據庫 - 患者ID: 7, 標籤: 0xD095
2025-10-15 19:32:09.964 [DefaultDispatcher-worker-5] ERROR c.s.services.MqttService - 發送位置數據給App失敗: 用戶端未連接
2025-10-15 19:32:09.964 [DefaultDispatcher-worker-10] ERROR c.s.services.MqttService - 發送位置數據給App失敗: 用戶端未連接
2025-10-15 19:32:09.964 [DefaultDispatcher-worker-4] INFO  c.s.services.MqttService - 位置數據已存儲到數據庫 - 患者ID: 7, 標籤: 0xD095
2025-10-15 19:32:09.964 [DefaultDispatcher-worker-4] ERROR c.s.services.MqttService - 發送位置數據給App失敗: 用戶端未連接
2025-10-15 19:32:09.964 [DefaultDispatcher-worker-6] INFO  c.s.services.MqttService - 位置數據已存儲到數據庫 - 患者ID: 7, 標籤: 0xD095
2025-10-15 19:32:09.964 [DefaultDispatcher-worker-6] ERROR c.s.services.MqttService - 發送位置數據給App失敗: 用戶端未連接
2025-10-15 19:32:09.965 [DefaultDispatcher-worker-3] INFO  c.s.services.MqttService - 位置數據已存儲到數據庫 - 患者ID: 7, 標籤: 0xD095
2025-10-15 19:32:09.965 [DefaultDispatcher-worker-3] ERROR c.s.services.MqttService - 發送位置數據給App失敗: 用戶端未連接
2025-10-15 19:32:09.965 [DefaultDispatcher-worker-8] INFO  c.s.services.MqttService - 位置數據已存儲到數據庫 - 患者ID: 1, 標籤: 0x06EA
2025-10-15 19:32:09.965 [DefaultDispatcher-worker-8] ERROR c.s.services.MqttService - 發送位置數據給App失敗: 用戶端未連接
2025-10-15 19:32:09.965 [DefaultDispatcher-worker-1] INFO  c.s.services.MqttService - 位置數據已存儲到數據庫 - 患者ID: 7, 標籤: 0xD095
2025-10-15 19:32:09.965 [DefaultDispatcher-worker-1] ERROR c.s.services.MqttService - 發送位置數據給App失敗: 用戶端未連接
2025-10-15 19:32:09.965 [DefaultDispatcher-worker-7] INFO  c.s.services.MqttService - 位置數據已存儲到數據庫 - 患者ID: 7, 標籤: 0xD095
2025-10-15 19:32:09.965 [DefaultDispatcher-worker-7] ERROR c.s.services.MqttService - 發送位置數據給App失敗: 用戶端未連接
2025-10-15 19:32:09.965 [DefaultDispatcher-worker-11] INFO  c.s.services.MqttService - 位置數據已存儲到數據庫 - 患者ID: 7, 標籤: 0xD095
2025-10-15 19:32:09.965 [DefaultDispatcher-worker-11] ERROR c.s.services.MqttService - 發送位置數據給App失敗: 用戶端未連接
2025-10-15 19:32:09.965 [DefaultDispatcher-worker-9] INFO  c.s.services.MqttService - 位置數據已存儲到數據庫 - 患者ID: 7, 標籤: 0xD095
2025-10-15 19:32:09.965 [DefaultDispatcher-worker-9] ERROR c.s.services.MqttService - 發送位置數據給App失敗: 用戶端未連接
2025-10-15 19:32:09.965 [DefaultDispatcher-worker-12] INFO  c.s.services.MqttService - 位置數據已存儲到數據庫 - 患者ID: 1, 標籤: 0x06EA
2025-10-15 19:32:09.969 [DefaultDispatcher-worker-12] ERROR c.s.services.MqttService - 發送位置數據給App失敗: 用戶端未連接
2025-10-15 19:32:12.002 [KtorShutdownHook] INFO  ApplicationModule - 應用程序正在關閉...
